Get connection for route {s}->https://reqres.in:443
  Connecting to reqres.in:443
  CookieSpec selected: ignoreCookies
  Auth cache not set in the context
  Target auth state: UNCHALLENGED
  Proxy auth state: UNCHALLENGED
  Attempt 1 to execute request
  Sending request: GET /api/users?page=1 HTTP/1.1
   >> "GET /api/users?page=1 HTTP/1.1[\r][\n]"
   >> "Accept: */*[\r][\n]"
   >> "Host: reqres.in[\r][\n]"
   >> "Connection: Keep-Alive[\r][\n]"
   >> "User-Agent: Apache-HttpClient/4.5.13 (Java/1.8.0_144)[\r][\n]"
   >> "Accept-Encoding: gzip,deflate[\r][\n]"
   >> "[\r][\n]"
  >> GET /api/users?page=1 HTTP/1.1
  >> Accept: */*
  >> Host: reqres.in
  >> Connection: Keep-Alive
  >> User-Agent: Apache-HttpClient/4.5.13 (Java/1.8.0_144)
  >> Accept-Encoding: gzip,deflate
   << "HTTP/1.1 200 OK[\r][\n]"
   << "Date: Thu, 02 Jun 2022 20:08:08 GMT[\r][\n]"
   << "Content-Type: application/json; charset=utf-8[\r][\n]"
   << "Transfer-Encoding: chunked[\r][\n]"
   << "Connection: keep-alive[\r][\n]"
   << "X-Powered-By: Express[\r][\n]"
   << "Access-Control-Allow-Origin: *[\r][\n]"
   << "Etag: W/"3e4-2RLXvr5wTg9YQ6aH95CkYoFNuO8"[\r][\n]"
   << "Via: 1.1 vegur[\r][\n]"
   << "Cache-Control: max-age=14400[\r][\n]"
   << "CF-Cache-Status: HIT[\r][\n]"
   << "Age: 371[\r][\n]"
   << "Expect-CT: max-age=604800, report-uri="https://report-uri.cloudflare.com/cdn-cgi/beacon/expect-ct"[\r][\n]"
   << "Report-To: {"endpoints":[{"url":"https:\/\/a.nel.cloudflare.com\/report\/v3?s=0lh20KiVUyVm2IOHKUUaKYuUHN4KxBqLdS4XWqorQHJK7UlpPP8lZrnc2eKWk0LvN3Mba%2Bhob477Isc%2FEbjbYyLp2q5SJDvdf%2B8nLJxtY%2FHH3F5tFm1KntPQ%2FG4%3D"}],"group":"cf-nel","max_age":604800}[\r][\n]"
   << "NEL: {"success_fraction":0,"report_to":"cf-nel","max_age":604800}[\r][\n]"
   << "Vary: Accept-Encoding[\r][\n]"
   << "Server: cloudflare[\r][\n]"
   << "CF-RAY: 7152d1bc19cc84cb-BOM[\r][\n]"
   << "Content-Encoding: gzip[\r][\n]"
   << "alt-svc: h3=":443"; ma=86400, h3-29=":443"; ma=86400[\r][\n]"
   << "[\r][\n]"
  Receiving response: HTTP/1.1 200 OK
  << HTTP/1.1 200 OK
  << Date: Thu, 02 Jun 2022 20:08:08 GMT
  << Content-Type: application/json; charset=utf-8
  << Transfer-Encoding: chunked
  << Connection: keep-alive
  << X-Powered-By: Express
  << Access-Control-Allow-Origin: *
  << Etag: W/"3e4-2RLXvr5wTg9YQ6aH95CkYoFNuO8"
  << Via: 1.1 vegur
  << Cache-Control: max-age=14400
  << CF-Cache-Status: HIT
  << Age: 371
  << Expect-CT: max-age=604800, report-uri="https://report-uri.cloudflare.com/cdn-cgi/beacon/expect-ct"
  << Report-To: {"endpoints":[{"url":"https:\/\/a.nel.cloudflare.com\/report\/v3?s=0lh20KiVUyVm2IOHKUUaKYuUHN4KxBqLdS4XWqorQHJK7UlpPP8lZrnc2eKWk0LvN3Mba%2Bhob477Isc%2FEbjbYyLp2q5SJDvdf%2B8nLJxtY%2FHH3F5tFm1KntPQ%2FG4%3D"}],"group":"cf-nel","max_age":604800}
  << NEL: {"success_fraction":0,"report_to":"cf-nel","max_age":604800}
  << Vary: Accept-Encoding
  << Server: cloudflare
  << CF-RAY: 7152d1bc19cc84cb-BOM
  << Content-Encoding: gzip
  << alt-svc: h3=":443"; ma=86400, h3-29=":443"; ma=86400
  Connection can be kept alive indefinitely
  Parsing response as: application/json; charset=utf-8
   << "170[\r][\n]"
   << "[0x1f][0x8b][0x8][0x0][0x0][0x0][0x0][0x0][0x0][0x3][0x8d][0xd1]MK[0xc4]0[0x10][0x6][0xe0][0xbf][0x12][0xc7]kl[0xd9][0xf][0xf7][0x90][0x93]([0xa2][0x8]^[0x16][0xc1][0x83][0x88][0x8c][0xed]l[0x1b]m[0x9a]8[0x99][0xed]*[0xcb][0xfe]w[0xd9][0xae]X)][0xe9]-[0x1f][0xef][0x9b]y [[0x8]X[0x10][0x98][0x89][0x86]@[0xfc]r[0xd8],4[0x88][0x17][0xac][0xc0]L[0xa6]?[0xcb][0xf6]&[0x82][0x99]j[0xc8]Q[0x10][0xcc][0xd3][0x16]l[0xde][0xf6][0xc8][0xa1][0xad][0xc0]@A[0x9e][0xb]J^[0xab][0xb5][0x94][0x17]L[0x1f]L1[0xb1]5hXY[0x8e][0xf2]R[0xa3]#0p[0xd3][0xa6]@C[0x85][0xdd][0xe1][0xe5][0xbe][0x3][0x1a][0xb0]AA[0x6][0x3][0xa5]H[0x88]&M[0x9f]I[0xad]+[0xd2][0x15]f[0x14][0xd3][0xc9][0x99]uXP[0xf2][0x16][\n]"
   << "[0xd8][0xe9][0x3]c[0xda]1[0xde][0xb0]&I6[0x84][\r][0xf1]q[0xc6][0xdd]>[0xd5]S<[0xb6][0x9d][0xb1][0x8c][0xe9][0x0]c[0xd6]1[0xc8]9L6[0xbe].[0x8e][0x1b][0xae][0x9d][0xc3]>[0xc1][0xd7][0xc5]X[0xc0]l[0x0]0[0xff][0x3]h()}%[0xff][0xcc]o[0xfa][0xff]p[0xeb]+[0x19];~>0[0xfe][0xbc][0x1b][0x9f][0x95][0xc8][0x15][0xc5][0xc4]yf[0x1b][0x8f]#[0xae][0xe][0xb9][0x1e][0xe4][0xbe]m[0x8d][0xa5][0x9c][0xf]P[0x16][0x1d]E[0x18]3[0xfa]J[0x18][0x9d][0xff][0x7][0xf2][0xd0][0xa6]z[0x8e][0xe5][0xbe]3[0x96][0xb1][0xf8][0xcb]x[0xd6][0x10][0xd7]!x[0x16]0[Xs5X>[0xfd][0xc9][0x9c][0x95][0x84][0xb9]m[0xff]^[0xe8]S[0xf6][0x1c][0xaf][0xde][0x89][0x82]Z[0xd2][0xc7][0x92][0xa2]Z1[0x91]V[0x99][0xaf][0x85][0xed][0xeb]Z[0xac][0xaf][0xa3][0x12][0xbf]A[0xce][0xa3][0x8a][0xc4][\r][0xb1][0xca]|[0x94][0xa8][0x90]Ia[0x8]L[0x99]E[0xa1][0xfc][0x4]v[0xbb]o[0xcc]?[0x16][0xce][0xe4][0x3][0x0][0x0]"
   << "[\r][\n]"
   << "0[\r][\n]"
   << "[\r][\n]"
  Parsed data to instance of: class org.apache.http.conn.EofSensorInputStream
  ---------200---------------
  get API passed
  Releasing connection org.apache.http.impl.conn.ManagedClientConnectionImpl@3704122f
  Connection can be kept alive indefinitely
  {"page":1,"per_page":6,"total":12,"total_pages":2,"data":[{"id":1,"email":"george.bluth@reqres.in","first_name":"George","last_name":"Bluth","avatar":"https://reqres.in/img/faces/1-image.jpg"},{"id":2,"email":"janet.weaver@reqres.in","first_name":"Janet","last_name":"Weaver","avatar":"https://reqres.in/img/faces/2-image.jpg"},{"id":3,"email":"emma.wong@reqres.in","first_name":"Emma","last_name":"Wong","avatar":"https://reqres.in/img/faces/3-image.jpg"},{"id":4,"email":"eve.holt@reqres.in","first_name":"Eve","last_name":"Holt","avatar":"https://reqres.in/img/faces/4-image.jpg"},{"id":5,"email":"charles.morris@reqres.in","first_name":"Charles","last_name":"Morris","avatar":"https://reqres.in/img/faces/5-image.jpg"},{"id":6,"email":"tracey.ramos@reqres.in","first_name":"Tracey","last_name":"Ramos","avatar":"https://reqres.in/img/faces/6-image.jpg"}],"support":{"url":"https://reqres.in/#support-heading","text":"To keep ReqRes free, contributions towards server costs are appreciated!"}}
  Get connection for route {s}->https://reqres.in:443
  Connecting to reqres.in:443
  CookieSpec selected: ignoreCookies
  Auth cache not set in the context
  Target auth state: UNCHALLENGED
  Proxy auth state: UNCHALLENGED
  Attempt 1 to execute request
  Sending request: GET /api/users?page=2 HTTP/1.1
   >> "GET /api/users?page=2 HTTP/1.1[\r][\n]"
   >> "Accept: */*[\r][\n]"
   >> "Host: reqres.in[\r][\n]"
   >> "Connection: Keep-Alive[\r][\n]"
   >> "User-Agent: Apache-HttpClient/4.5.13 (Java/1.8.0_144)[\r][\n]"
   >> "Accept-Encoding: gzip,deflate[\r][\n]"
   >> "[\r][\n]"
  >> GET /api/users?page=2 HTTP/1.1
  >> Accept: */*
  >> Host: reqres.in
  >> Connection: Keep-Alive
  >> User-Agent: Apache-HttpClient/4.5.13 (Java/1.8.0_144)
  >> Accept-Encoding: gzip,deflate
   << "HTTP/1.1 200 OK[\r][\n]"
   << "Date: Thu, 02 Jun 2022 20:08:08 GMT[\r][\n]"
   << "Content-Type: application/json; charset=utf-8[\r][\n]"
   << "Transfer-Encoding: chunked[\r][\n]"
   << "Connection: keep-alive[\r][\n]"
   << "X-Powered-By: Express[\r][\n]"
   << "Access-Control-Allow-Origin: *[\r][\n]"
   << "Etag: W/"406-ut0vzoCuidvyMf8arZpMpJ6ZRDw"[\r][\n]"
   << "Via: 1.1 vegur[\r][\n]"
   << "Cache-Control: max-age=14400[\r][\n]"
   << "CF-Cache-Status: HIT[\r][\n]"
   << "Age: 2435[\r][\n]"
   << "Expect-CT: max-age=604800, report-uri="https://report-uri.cloudflare.com/cdn-cgi/beacon/expect-ct"[\r][\n]"
   << "Report-To: {"endpoints":[{"url":"https:\/\/a.nel.cloudflare.com\/report\/v3?s=nlU9cOwWgIp%2FuLAQFSZmxsumH9SNHiioUeo5MBZm7GIr%2Bsedqk4cqecRxCNLdUHkCmZaYbwuqErRb%2Fw%2Fehoy3KFJlMp221g%2BpM%2F1nvVY9WgXkBicsQb63KBsHS0%3D"}],"group":"cf-nel","max_age":604800}[\r][\n]"
   << "NEL: {"success_fraction":0,"report_to":"cf-nel","max_age":604800}[\r][\n]"
   << "Vary: Accept-Encoding[\r][\n]"
   << "Server: cloudflare[\r][\n]"
   << "CF-RAY: 7152d1bf6fb83187-BOM[\r][\n]"
   << "Content-Encoding: gzip[\r][\n]"
   << "alt-svc: h3=":443"; ma=86400, h3-29=":443"; ma=86400[\r][\n]"
   << "[\r][\n]"
  Receiving response: HTTP/1.1 200 OK
  << HTTP/1.1 200 OK
  << Date: Thu, 02 Jun 2022 20:08:08 GMT
  << Content-Type: application/json; charset=utf-8
  << Transfer-Encoding: chunked
  << Connection: keep-alive
  << X-Powered-By: Express
  << Access-Control-Allow-Origin: *
  << Etag: W/"406-ut0vzoCuidvyMf8arZpMpJ6ZRDw"
  << Via: 1.1 vegur
  << Cache-Control: max-age=14400
  << CF-Cache-Status: HIT
  << Age: 2435
  << Expect-CT: max-age=604800, report-uri="https://report-uri.cloudflare.com/cdn-cgi/beacon/expect-ct"
  << Report-To: {"endpoints":[{"url":"https:\/\/a.nel.cloudflare.com\/report\/v3?s=nlU9cOwWgIp%2FuLAQFSZmxsumH9SNHiioUeo5MBZm7GIr%2Bsedqk4cqecRxCNLdUHkCmZaYbwuqErRb%2Fw%2Fehoy3KFJlMp221g%2BpM%2F1nvVY9WgXkBicsQb63KBsHS0%3D"}],"group":"cf-nel","max_age":604800}
  << NEL: {"success_fraction":0,"report_to":"cf-nel","max_age":604800}
  << Vary: Accept-Encoding
  << Server: cloudflare
  << CF-RAY: 7152d1bf6fb83187-BOM
  << Content-Encoding: gzip
  << alt-svc: h3=":443"; ma=86400, h3-29=":443"; ma=86400
  Connection can be kept alive indefinitely
  Parsing response as: application/json; charset=utf-8
   << "17b[\r][\n]"
   << "[0x1f][0x8b][0x8][0x0][0x0][0x0][0x0][0x0][0x0][0x3][0x8d][0xd2][0xcd]n[0xa3]0[0x14][0x86][0xe1][q[0xcf]l](Y[0xf4][0xc7][0xab][0xaa][0xd2][0xcc]t[0xd1]n[0xa2][0xd9]U[0xa3][0xea][0x4][0xe][0xe0][0xd6][0xd8][0xee][0xb1]i[0xa6][0x8a]r[0xef]UM4T[0x88]D[0xec][0x0][0xbf][0x1f]z[0x84][0xd8][0x81][0xc7][0x86]@[0xad]$x[0xe2][0xe7][0xe1][0xe6]RBt[0x11][\r][0xa8]bu[0xb8]L'!u[0x15]F[0x4][0xf5][0xb4][0x3]][0x81][0xba][0x92]@[0x1d]j[0x3][\n]"
   << ":][0xb6]H&3[0xb8][\r][0xce][0xde]2[0xbd]1[0x85]L[[0x90]Pk[0xe][0xf1][0xd9]bG[0xa0][0xe0]q[0xe8]@[0x82][0xc1][0xf1][0xe9]CZ[0x81][0x4]|[0xc7][0x88][0xc][\n]"
   << "[0xda][0x18]}Py[0xfe][0xff]E[0xb9][0xee][0x9a][0xbc][0xc6][0x92]B~u[0xae];l({[0xf1][\r][0xec][0xe5]@[0xb9][0x1e])F[0xdb]*[0xe0]GV[0x13]7[0xfd]I[0xcc][0xc3]PN0[0xbf][0xe][0xbb][0xa5][0x9c][0xeb][0x19][0xce][0xcd][0xc8][0x89]n[0xa3]1duo_[0xe9]8[0xe5]O[0xaa][0xa6][0x92][0xaf][0xcd]R[0xc6][0xcd][0xc][0xa3][0xb8][0x18][0x1d][0x9b][0xf]v6[0xab]5[0x99]*[0x1c]w[0xdc]}USF[0xda],u[0x14][0x17]s[0x90]b[0x84]4[0xe4][0xb8][0xa1][0x8c][0xaa]-[0xf2])[0xca][0xef][0xd4]M,?[0x87][0xd5]bL1[0x87]Y[0x8d][0x18][0xc6][0xb2]%[0x93][0xb5]nK[0xc6][0x1c][0xb7][0xac]S6[0xb1][0xdc][0xa7][0xd1]b[0xca][0xea];[0xe5][0xaf][0x84][0xd0]{[0xef]8[0x82][0xda]A[0xcf]fv[0xfd][0xe3][0xd0][0x9c][0xb7][0x84][0x95][0xb6][\r]H[0x88][0xf4]/[0xa6][0xff]E[0xbc][0x12]y[0xb1][0xa6][0xb7]5[0x5]Q3[0x91][0x14][0xa5][0xb3][0x91][0xf5][0xa6][0x8f][0xda][0xd9] [0xa2]K[0x9f]J[0x4][0xe2]wbQ[0xba][0x10][0x83]@&[0x81][0xde]3[0x95][0x1a]#Ug[0xb0][0xdf][0x2][0xf6][0x16][0x88]W[0x6][0x4][0x0][0x0]"
   << "[\r][\n]"
   << "0[\r][\n]"
   << "[\r][\n]"
  Parsed data to instance of: class org.apache.http.conn.EofSensorInputStream
  ---------200---------------
  get API passed
  Releasing connection org.apache.http.impl.conn.ManagedClientConnectionImpl@17ae98d7
  Connection can be kept alive indefinitely
  {"page":2,"per_page":6,"total":12,"total_pages":2,"data":[{"id":7,"email":"michael.lawson@reqres.in","first_name":"Michael","last_name":"Lawson","avatar":"https://reqres.in/img/faces/7-image.jpg"},{"id":8,"email":"lindsay.ferguson@reqres.in","first_name":"Lindsay","last_name":"Ferguson","avatar":"https://reqres.in/img/faces/8-image.jpg"},{"id":9,"email":"tobias.funke@reqres.in","first_name":"Tobias","last_name":"Funke","avatar":"https://reqres.in/img/faces/9-image.jpg"},{"id":10,"email":"byron.fields@reqres.in","first_name":"Byron","last_name":"Fields","avatar":"https://reqres.in/img/faces/10-image.jpg"},{"id":11,"email":"george.edwards@reqres.in","first_name":"George","last_name":"Edwards","avatar":"https://reqres.in/img/faces/11-image.jpg"},{"id":12,"email":"rachel.howell@reqres.in","first_name":"Rachel","last_name":"Howell","avatar":"https://reqres.in/img/faces/12-image.jpg"}],"support":{"url":"https://reqres.in/#support-heading","text":"To keep ReqRes free, contributions towards server costs are appreciated!"}}
  Get connection for route {s}->https://reqres.in:443
  Connecting to reqres.in:443
  CookieSpec selected: ignoreCookies
  Auth cache not set in the context
  Target auth state: UNCHALLENGED
  Proxy auth state: UNCHALLENGED
  Attempt 1 to execute request
  Sending request: POST /api/users HTTP/1.1
   >> "POST /api/users HTTP/1.1[\r][\n]"
   >> "Accept: */*[\r][\n]"
   >> "Content-Type: text/plain; charset=ISO-8859-1[\r][\n]"
   >> "Content-Length: 31[\r][\n]"
   >> "Host: reqres.in[\r][\n]"
   >> "Connection: Keep-Alive[\r][\n]"
   >> "User-Agent: Apache-HttpClient/4.5.13 (Java/1.8.0_144)[\r][\n]"
   >> "Accept-Encoding: gzip,deflate[\r][\n]"
   >> "[\r][\n]"
  >> POST /api/users HTTP/1.1
  >> Accept: */*
  >> Content-Type: text/plain; charset=ISO-8859-1
  >> Content-Length: 31
  >> Host: reqres.in
  >> Connection: Keep-Alive
  >> User-Agent: Apache-HttpClient/4.5.13 (Java/1.8.0_144)
  >> Accept-Encoding: gzip,deflate
   >> "{"name":"kumar","job":"leader"}"
   << "HTTP/1.1 201 Created[\r][\n]"
   << "Date: Thu, 02 Jun 2022 20:08:11 GMT[\r][\n]"
   << "Content-Type: application/json; charset=utf-8[\r][\n]"
   << "Content-Length: 51[\r][\n]"
   << "Connection: keep-alive[\r][\n]"
   << "X-Powered-By: Express[\r][\n]"
   << "Access-Control-Allow-Origin: *[\r][\n]"
   << "Etag: W/"33-nrf7P1K3EKcQJdIQE1f/DF7w8gw"[\r][\n]"
   << "Via: 1.1 vegur[\r][\n]"
   << "CF-Cache-Status: DYNAMIC[\r][\n]"
   << "Expect-CT: max-age=604800, report-uri="https://report-uri.cloudflare.com/cdn-cgi/beacon/expect-ct"[\r][\n]"
   << "Report-To: {"endpoints":[{"url":"https:\/\/a.nel.cloudflare.com\/report\/v3?s=u%2FTnjWJVQvm9PFeb2HoVqTH%2FX5uI2kX6HmV0NTeXoE03fMDPDZRg1YNJY1QSj5w4Za1SDmH9eR5kUDEfow3FO7j6rMTeBDN3noCWh3631uEvGPmgMt5UnJlJCGI%3D"}],"group":"cf-nel","max_age":604800}[\r][\n]"
   << "NEL: {"success_fraction":0,"report_to":"cf-nel","max_age":604800}[\r][\n]"
   << "Server: cloudflare[\r][\n]"
   << "CF-RAY: 7152d1d0dad42dff-BOM[\r][\n]"
   << "alt-svc: h3=":443"; ma=86400, h3-29=":443"; ma=86400[\r][\n]"
   << "[\r][\n]"
  Receiving response: HTTP/1.1 201 Created
  << HTTP/1.1 201 Created
  << Date: Thu, 02 Jun 2022 20:08:11 GMT
  << Content-Type: application/json; charset=utf-8
  << Content-Length: 51
  << Connection: keep-alive
  << X-Powered-By: Express
  << Access-Control-Allow-Origin: *
  << Etag: W/"33-nrf7P1K3EKcQJdIQE1f/DF7w8gw"
  << Via: 1.1 vegur
  << CF-Cache-Status: DYNAMIC
  << Expect-CT: max-age=604800, report-uri="https://report-uri.cloudflare.com/cdn-cgi/beacon/expect-ct"
  << Report-To: {"endpoints":[{"url":"https:\/\/a.nel.cloudflare.com\/report\/v3?s=u%2FTnjWJVQvm9PFeb2HoVqTH%2FX5uI2kX6HmV0NTeXoE03fMDPDZRg1YNJY1QSj5w4Za1SDmH9eR5kUDEfow3FO7j6rMTeBDN3noCWh3631uEvGPmgMt5UnJlJCGI%3D"}],"group":"cf-nel","max_age":604800}
  << NEL: {"success_fraction":0,"report_to":"cf-nel","max_age":604800}
  << Server: cloudflare
  << CF-RAY: 7152d1d0dad42dff-BOM
  << alt-svc: h3=":443"; ma=86400, h3-29=":443"; ma=86400
  Connection can be kept alive indefinitely
  Parsing response as: application/json; charset=utf-8
  Parsed data to instance of: class org.apache.http.conn.EofSensorInputStream
  ---------201---------------
  post API passed
   << "{"id":"645","createdAt":"2022-06-02T20:08:11.860Z"}"
  Releasing connection org.apache.http.impl.conn.ManagedClientConnectionImpl@6093d508
  Connection can be kept alive indefinitely
  {"id":"645","createdAt":"2022-06-02T20:08:11.860Z"}
  Get connection for route {s}->https://reqres.in:443
  Connecting to reqres.in:443
  CookieSpec selected: ignoreCookies
  Auth cache not set in the context
  Target auth state: UNCHALLENGED
  Proxy auth state: UNCHALLENGED
  Attempt 1 to execute request
  Sending request: POST /api/users HTTP/1.1
   >> "POST /api/users HTTP/1.1[\r][\n]"
   >> "Accept: */*[\r][\n]"
   >> "Content-Type: text/plain; charset=ISO-8859-1[\r][\n]"
   >> "Content-Length: 33[\r][\n]"
   >> "Host: reqres.in[\r][\n]"
   >> "Connection: Keep-Alive[\r][\n]"
   >> "User-Agent: Apache-HttpClient/4.5.13 (Java/1.8.0_144)[\r][\n]"
   >> "Accept-Encoding: gzip,deflate[\r][\n]"
   >> "[\r][\n]"
  >> POST /api/users HTTP/1.1
  >> Accept: */*
  >> Content-Type: text/plain; charset=ISO-8859-1
  >> Content-Length: 33
  >> Host: reqres.in
  >> Connection: Keep-Alive
  >> User-Agent: Apache-HttpClient/4.5.13 (Java/1.8.0_144)
  >> Accept-Encoding: gzip,deflate
   >> "{"name":"ashwani","job":"leader"}"
   << "HTTP/1.1 201 Created[\r][\n]"
   << "Date: Thu, 02 Jun 2022 20:08:12 GMT[\r][\n]"
   << "Content-Type: application/json; charset=utf-8[\r][\n]"
   << "Content-Length: 51[\r][\n]"
   << "Connection: keep-alive[\r][\n]"
   << "X-Powered-By: Express[\r][\n]"
   << "Access-Control-Allow-Origin: *[\r][\n]"
   << "Etag: W/"33-N7OwJkOTYOI+mdHYI6OFd9ybD/4"[\r][\n]"
   << "Via: 1.1 vegur[\r][\n]"
   << "CF-Cache-Status: DYNAMIC[\r][\n]"
   << "Expect-CT: max-age=604800, report-uri="https://report-uri.cloudflare.com/cdn-cgi/beacon/expect-ct"[\r][\n]"
   << "Report-To: {"endpoints":[{"url":"https:\/\/a.nel.cloudflare.com\/report\/v3?s=Uvbka1Wn3v7HwkzJ7LvUmYxRTiF%2BSOdz2Nuuv05WiQHRKNgi7daL5xta4mjFDECMkVb%2Fr7EWZ2DrQ88G7WEJ1JOfe2acQTHsWDTlmJq4m%2BXJfphv%2BOZJQwZeoAg%3D"}],"group":"cf-nel","max_age":604800}[\r][\n]"
   << "NEL: {"success_fraction":0,"report_to":"cf-nel","max_age":604800}[\r][\n]"
   << "Server: cloudflare[\r][\n]"
   << "CF-RAY: 7152d1d4beaa84bf-BOM[\r][\n]"
   << "alt-svc: h3=":443"; ma=86400, h3-29=":443"; ma=86400[\r][\n]"
   << "[\r][\n]"
  Receiving response: HTTP/1.1 201 Created
  << HTTP/1.1 201 Created
  << Date: Thu, 02 Jun 2022 20:08:12 GMT
  << Content-Type: application/json; charset=utf-8
  << Content-Length: 51
  << Connection: keep-alive
  << X-Powered-By: Express
  << Access-Control-Allow-Origin: *
  << Etag: W/"33-N7OwJkOTYOI+mdHYI6OFd9ybD/4"
  << Via: 1.1 vegur
  << CF-Cache-Status: DYNAMIC
  << Expect-CT: max-age=604800, report-uri="https://report-uri.cloudflare.com/cdn-cgi/beacon/expect-ct"
  << Report-To: {"endpoints":[{"url":"https:\/\/a.nel.cloudflare.com\/report\/v3?s=Uvbka1Wn3v7HwkzJ7LvUmYxRTiF%2BSOdz2Nuuv05WiQHRKNgi7daL5xta4mjFDECMkVb%2Fr7EWZ2DrQ88G7WEJ1JOfe2acQTHsWDTlmJq4m%2BXJfphv%2BOZJQwZeoAg%3D"}],"group":"cf-nel","max_age":604800}
  << NEL: {"success_fraction":0,"report_to":"cf-nel","max_age":604800}
  << Server: cloudflare
  << CF-RAY: 7152d1d4beaa84bf-BOM
  << alt-svc: h3=":443"; ma=86400, h3-29=":443"; ma=86400
  Connection can be kept alive indefinitely
  Parsing response as: application/json; charset=utf-8
  Parsed data to instance of: class org.apache.http.conn.EofSensorInputStream
  ---------201---------------
  post API passed
   << "{"id":"211","createdAt":"2022-06-02T20:08:12.456Z"}"
  Releasing connection org.apache.http.impl.conn.ManagedClientConnectionImpl@42435b98
  Connection can be kept alive indefinitely
  {"id":"211","createdAt":"2022-06-02T20:08:12.456Z"}
  Get connection for route {s}->https://reqres.in:443
  Connecting to reqres.in:443
  CookieSpec selected: ignoreCookies
  Auth cache not set in the context
  Target auth state: UNCHALLENGED
  Proxy auth state: UNCHALLENGED
  Attempt 1 to execute request
  Sending request: POST /api/users HTTP/1.1
   >> "POST /api/users HTTP/1.1[\r][\n]"
   >> "Accept: */*[\r][\n]"
   >> "Content-Type: text/plain; charset=ISO-8859-1[\r][\n]"
   >> "Content-Length: 32[\r][\n]"
   >> "Host: reqres.in[\r][\n]"
   >> "Connection: Keep-Alive[\r][\n]"
   >> "User-Agent: Apache-HttpClient/4.5.13 (Java/1.8.0_144)[\r][\n]"
   >> "Accept-Encoding: gzip,deflate[\r][\n]"
   >> "[\r][\n]"
  >> POST /api/users HTTP/1.1
  >> Accept: */*
  >> Content-Type: text/plain; charset=ISO-8859-1
  >> Content-Length: 32
  >> Host: reqres.in
  >> Connection: Keep-Alive
  >> User-Agent: Apache-HttpClient/4.5.13 (Java/1.8.0_144)
  >> Accept-Encoding: gzip,deflate
   >> "{"name":"shweta","job":"leader"}"
   << "HTTP/1.1 201 Created[\r][\n]"
   << "Date: Thu, 02 Jun 2022 20:08:13 GMT[\r][\n]"
   << "Content-Type: application/json; charset=utf-8[\r][\n]"
   << "Content-Length: 51[\r][\n]"
   << "Connection: keep-alive[\r][\n]"
   << "X-Powered-By: Express[\r][\n]"
   << "Access-Control-Allow-Origin: *[\r][\n]"
   << "Etag: W/"33-j8xwl6cQfeq005bJzsz78tQ8iNw"[\r][\n]"
   << "Via: 1.1 vegur[\r][\n]"
   << "CF-Cache-Status: DYNAMIC[\r][\n]"
   << "Expect-CT: max-age=604800, report-uri="https://report-uri.cloudflare.com/cdn-cgi/beacon/expect-ct"[\r][\n]"
   << "Report-To: {"endpoints":[{"url":"https:\/\/a.nel.cloudflare.com\/report\/v3?s=3TcbRYgcXBRdXIhVriPYnACqMYHQa1l%2FOrjqLQfEKWpSwKjafrq97tPCgstpAG3fcCKiNKXZe%2FI4Hudeil%2FKE7rlPrzi63C%2B7CkW4%2BNU5rU5b1YaJTFy3XsvJwU%3D"}],"group":"cf-nel","max_age":604800}[\r][\n]"
   << "NEL: {"success_fraction":0,"report_to":"cf-nel","max_age":604800}[\r][\n]"
   << "Server: cloudflare[\r][\n]"
   << "CF-RAY: 7152d1d86f1a8543-BOM[\r][\n]"
   << "alt-svc: h3=":443"; ma=86400, h3-29=":443"; ma=86400[\r][\n]"
   << "[\r][\n]"
  Receiving response: HTTP/1.1 201 Created
  << HTTP/1.1 201 Created
  << Date: Thu, 02 Jun 2022 20:08:13 GMT
  << Content-Type: application/json; charset=utf-8
  << Content-Length: 51
  << Connection: keep-alive
  << X-Powered-By: Express
  << Access-Control-Allow-Origin: *
  << Etag: W/"33-j8xwl6cQfeq005bJzsz78tQ8iNw"
  << Via: 1.1 vegur
  << CF-Cache-Status: DYNAMIC
  << Expect-CT: max-age=604800, report-uri="https://report-uri.cloudflare.com/cdn-cgi/beacon/expect-ct"
  << Report-To: {"endpoints":[{"url":"https:\/\/a.nel.cloudflare.com\/report\/v3?s=3TcbRYgcXBRdXIhVriPYnACqMYHQa1l%2FOrjqLQfEKWpSwKjafrq97tPCgstpAG3fcCKiNKXZe%2FI4Hudeil%2FKE7rlPrzi63C%2B7CkW4%2BNU5rU5b1YaJTFy3XsvJwU%3D"}],"group":"cf-nel","max_age":604800}
  << NEL: {"success_fraction":0,"report_to":"cf-nel","max_age":604800}
  << Server: cloudflare
  << CF-RAY: 7152d1d86f1a8543-BOM
  << alt-svc: h3=":443"; ma=86400, h3-29=":443"; ma=86400
  Connection can be kept alive indefinitely
  Parsing response as: application/json; charset=utf-8
  Parsed data to instance of: class org.apache.http.conn.EofSensorInputStream
  ---------201---------------
  post API passed
   << "{"id":"616","createdAt":"2022-06-02T20:08:13.044Z"}"
  Releasing connection org.apache.http.impl.conn.ManagedClientConnectionImpl@546621c4
  Connection can be kept alive indefinitely
  {"id":"616","createdAt":"2022-06-02T20:08:13.044Z"}
  Get connection for route {s}->https://reqres.in:443
  Connecting to reqres.in:443
  CookieSpec selected: ignoreCookies
  Auth cache not set in the context
  Target auth state: UNCHALLENGED
  Proxy auth state: UNCHALLENGED
  Attempt 1 to execute request
  Sending request: POST /api/users HTTP/1.1
   >> "POST /api/users HTTP/1.1[\r][\n]"
   >> "Accept: */*[\r][\n]"
   >> "Content-Type: text/plain; charset=ISO-8859-1[\r][\n]"
   >> "Content-Length: 33[\r][\n]"
   >> "Host: reqres.in[\r][\n]"
   >> "Connection: Keep-Alive[\r][\n]"
   >> "User-Agent: Apache-HttpClient/4.5.13 (Java/1.8.0_144)[\r][\n]"
   >> "Accept-Encoding: gzip,deflate[\r][\n]"
   >> "[\r][\n]"
  >> POST /api/users HTTP/1.1
  >> Accept: */*
  >> Content-Type: text/plain; charset=ISO-8859-1
  >> Content-Length: 33
  >> Host: reqres.in
  >> Connection: Keep-Alive
  >> User-Agent: Apache-HttpClient/4.5.13 (Java/1.8.0_144)
  >> Accept-Encoding: gzip,deflate
   >> "{"name":"akshita","job":"leader"}"
   << "HTTP/1.1 201 Created[\r][\n]"
   << "Date: Thu, 02 Jun 2022 20:08:13 GMT[\r][\n]"
   << "Content-Type: application/json; charset=utf-8[\r][\n]"
   << "Content-Length: 50[\r][\n]"
   << "Connection: keep-alive[\r][\n]"
   << "X-Powered-By: Express[\r][\n]"
   << "Access-Control-Allow-Origin: *[\r][\n]"
   << "Etag: W/"32-HYhl7Iaa3UMNeZOaIoycRK9jTqo"[\r][\n]"
   << "Via: 1.1 vegur[\r][\n]"
   << "CF-Cache-Status: DYNAMIC[\r][\n]"
   << "Expect-CT: max-age=604800, report-uri="https://report-uri.cloudflare.com/cdn-cgi/beacon/expect-ct"[\r][\n]"
   << "Report-To: {"endpoints":[{"url":"https:\/\/a.nel.cloudflare.com\/report\/v3?s=P%2Becma0KZEifTdQTO8dfP%2Bwoenm0auDUccSSB%2F0MU7DO33Fp7LjTUVm2%2Beo%2BesDrMFbGOa1m7KlJl4ba%2BEwuU8%2FhZ1aFLYq8NeenZ8sA7Hp0T29ub0of42KH0es%3D"}],"group":"cf-nel","max_age":604800}[\r][\n]"
   << "NEL: {"success_fraction":0,"report_to":"cf-nel","max_age":604800}[\r][\n]"
   << "Server: cloudflare[\r][\n]"
   << "CF-RAY: 7152d1dc1eda0e0c-BOM[\r][\n]"
   << "alt-svc: h3=":443"; ma=86400, h3-29=":443"; ma=86400[\r][\n]"
   << "[\r][\n]"
  Receiving response: HTTP/1.1 201 Created
  << HTTP/1.1 201 Created
  << Date: Thu, 02 Jun 2022 20:08:13 GMT
  << Content-Type: application/json; charset=utf-8
  << Content-Length: 50
  << Connection: keep-alive
  << X-Powered-By: Express
  << Access-Control-Allow-Origin: *
  << Etag: W/"32-HYhl7Iaa3UMNeZOaIoycRK9jTqo"
  << Via: 1.1 vegur
  << CF-Cache-Status: DYNAMIC
  << Expect-CT: max-age=604800, report-uri="https://report-uri.cloudflare.com/cdn-cgi/beacon/expect-ct"
  << Report-To: {"endpoints":[{"url":"https:\/\/a.nel.cloudflare.com\/report\/v3?s=P%2Becma0KZEifTdQTO8dfP%2Bwoenm0auDUccSSB%2F0MU7DO33Fp7LjTUVm2%2Beo%2BesDrMFbGOa1m7KlJl4ba%2BEwuU8%2FhZ1aFLYq8NeenZ8sA7Hp0T29ub0of42KH0es%3D"}],"group":"cf-nel","max_age":604800}
  << NEL: {"success_fraction":0,"report_to":"cf-nel","max_age":604800}
  << Server: cloudflare
  << CF-RAY: 7152d1dc1eda0e0c-BOM
  << alt-svc: h3=":443"; ma=86400, h3-29=":443"; ma=86400
  Connection can be kept alive indefinitely
  Parsing response as: application/json; charset=utf-8
  Parsed data to instance of: class org.apache.http.conn.EofSensorInputStream
  ---------201---------------
  post API passed
   << "{"id":"27","createdAt":"2022-06-02T20:08:13.640Z"}"
  Releasing connection org.apache.http.impl.conn.ManagedClientConnectionImpl@4f8b4bd0
  Connection can be kept alive indefinitely
  {"id":"27","createdAt":"2022-06-02T20:08:13.640Z"}
  Couldn't find template in cache for "Extent.ftl"("en_IN", UTF-8, parsed); will try to load it.
  TemplateLoader.findTemplateSource("Extent_en_IN.ftl"): Not found
  TemplateLoader.findTemplateSource("Extent_en.ftl"): Not found
  TemplateLoader.findTemplateSource("Extent.ftl"): Found
  Loading template for "Extent.ftl"("en_IN", UTF-8, parsed) from "jar:file:/C:/Users/LENOVO/.m2/repository/com/relevantcodes/extentreports/2.41.2/extentreports-2.41.2.jar!/com/relevantcodes/extentreports/view/Extent.ftl"
  ----------------------Initializing Chrome Browser----------------------
  ----------------------Initializing Chrome Browser----------------------
  ----------------------Initializing Chrome Browser----------------------
  Connection 0.0.0.0:49501<->104.21.59.93:443 closed
  Connection 0.0.0.0:49502<->104.21.59.93:443 closed
  Connection 0.0.0.0:49503<->104.21.59.93:443 closed
  Connection 0.0.0.0:49506<->104.21.59.93:443 closed
  CookieSpec selected: standard
  Auth cache not set in the context
  Connection request: [route: {s}->https://chromedriver.storage.googleapis.com:443][total available: 0; route allocated: 0 of 2; total allocated: 0 of 20]
  Connection leased: [id: 0][route: {s}->https://chromedriver.storage.googleapis.com:443][total available: 0; route allocated: 1 of 2; total allocated: 1 of 20]
  Opening connection {s}->https://chromedriver.storage.googleapis.com:443
  Connecting to chromedriver.storage.googleapis.com/142.250.195.208:443
  Connecting socket to chromedriver.storage.googleapis.com/142.250.195.208:443 with timeout 0
  Enabled protocols: [TLSv1, TLSv1.1, TLSv1.2]
  Enabled cipher suites:[TLS_ECDHE_ECDSA_WITH_AES_128_CBC_SHA256, TLS_ECDHE_RSA_WITH_AES_128_CBC_SHA256, TLS_RSA_WITH_AES_128_CBC_SHA256, TLS_ECDH_ECDSA_WITH_AES_128_CBC_SHA256, TLS_ECDH_RSA_WITH_AES_128_CBC_SHA256, TLS_DHE_RSA_WITH_AES_128_CBC_SHA256, TLS_DHE_DSS_WITH_AES_128_CBC_SHA256, TLS_ECDHE_ECDSA_WITH_AES_128_CBC_SHA, TLS_ECDHE_RSA_WITH_AES_128_CBC_SHA, TLS_RSA_WITH_AES_128_CBC_SHA, TLS_ECDH_ECDSA_WITH_AES_128_CBC_SHA, TLS_ECDH_RSA_WITH_AES_128_CBC_SHA, TLS_DHE_RSA_WITH_AES_128_CBC_SHA, TLS_DHE_DSS_WITH_AES_128_CBC_SHA, TLS_ECDHE_ECDSA_WITH_AES_128_GCM_SHA256, TLS_ECDHE_RSA_WITH_AES_128_GCM_SHA256, TLS_RSA_WITH_AES_128_GCM_SHA256, TLS_ECDH_ECDSA_WITH_AES_128_GCM_SHA256, TLS_ECDH_RSA_WITH_AES_128_GCM_SHA256, TLS_DHE_RSA_WITH_AES_128_GCM_SHA256, TLS_DHE_DSS_WITH_AES_128_GCM_SHA256, TLS_EMPTY_RENEGOTIATION_INFO_SCSV]
  Starting handshake
  Secure session established
   negotiated protocol: TLSv1.2
   negotiated cipher suite: TLS_ECDHE_ECDSA_WITH_AES_128_GCM_SHA256
   peer principal: CN=*.storage.googleapis.com
   peer alternative names: [*.storage.googleapis.com, *.googleapis.com, commondatastorage.googleapis.com, *.commondatastorage.googleapis.com, storage.googleapis.com, storage.mtls.googleapis.com, *.appspot.com.storage.googleapis.com, *.content-storage.googleapis.com, *.content-storage-p2.googleapis.com, *.content-storage-upload.googleapis.com, *.content-storage-download.googleapis.com, *.storage-upload.googleapis.com, *.storage-download.googleapis.com]
   issuer principal: CN=GTS CA 1C3, O=Google Trust Services LLC, C=US
  Connection established 192.168.1.44:49510<->142.250.195.208:443
  http-outgoing-0: set socket timeout to 30000
  Executing request GET /LATEST_RELEASE HTTP/1.1
  Target auth state: UNCHALLENGED
  Proxy auth state: UNCHALLENGED
  http-outgoing-0 >> GET /LATEST_RELEASE HTTP/1.1
  http-outgoing-0 >> User-Agent: Apache-HttpClient/4.5.6
  http-outgoing-0 >> Connection: keep-alive
  http-outgoing-0 >> Host: chromedriver.storage.googleapis.com
  http-outgoing-0 >> Accept-Encoding: gzip,deflate
  http-outgoing-0 >> "GET /LATEST_RELEASE HTTP/1.1[\r][\n]"
  http-outgoing-0 >> "User-Agent: Apache-HttpClient/4.5.6[\r][\n]"
  http-outgoing-0 >> "Connection: keep-alive[\r][\n]"
  http-outgoing-0 >> "Host: chromedriver.storage.googleapis.com[\r][\n]"
  http-outgoing-0 >> "Accept-Encoding: gzip,deflate[\r][\n]"
  http-outgoing-0 >> "[\r][\n]"
  http-outgoing-0 << "HTTP/1.1 200 OK[\r][\n]"
  http-outgoing-0 << "X-GUploader-UploadID: ADPycdsE8umtBPdw3HTPHJBJ7k5ZE4drWWk7b3MQ9wL-9vdmuo_cW1tGthPLh8ZahV17NCOp3MluURi6KOt5cnX7mvgui6V2tt3u[\r][\n]"
  http-outgoing-0 << "x-goog-generation: 1653472104416528[\r][\n]"
  http-outgoing-0 << "x-goog-metageneration: 1[\r][\n]"
  http-outgoing-0 << "x-goog-stored-content-encoding: identity[\r][\n]"
  http-outgoing-0 << "x-goog-stored-content-length: 13[\r][\n]"
  http-outgoing-0 << "x-goog-hash: crc32c=IlwCTg==[\r][\n]"
  http-outgoing-0 << "x-goog-hash: md5=dA6OkYYMMyCaraT7LP1mXg==[\r][\n]"
  http-outgoing-0 << "x-goog-storage-class: STANDARD[\r][\n]"
  http-outgoing-0 << "Accept-Ranges: bytes[\r][\n]"
  http-outgoing-0 << "Content-Length: 13[\r][\n]"
  http-outgoing-0 << "Server: UploadServer[\r][\n]"
  http-outgoing-0 << "Date: Thu, 02 Jun 2022 19:37:28 GMT[\r][\n]"
  http-outgoing-0 << "Expires: Thu, 02 Jun 2022 20:37:28 GMT[\r][\n]"
  http-outgoing-0 << "Cache-Control: public, max-age=3600[\r][\n]"
  http-outgoing-0 << "Age: 1848[\r][\n]"
  http-outgoing-0 << "Last-Modified: Wed, 25 May 2022 09:48:24 GMT[\r][\n]"
  http-outgoing-0 << "ETag: "740e8e91860c33209aada4fb2cfd665e"[\r][\n]"
  http-outgoing-0 << "Content-Type: text/plain[\r][\n]"
  http-outgoing-0 << "Alt-Svc: h3=":443"; ma=2592000,h3-29=":443"; ma=2592000,h3-Q050=":443"; ma=2592000,h3-Q046=":443"; ma=2592000,h3-Q043=":443"; ma=2592000,quic=":443"; ma=2592000; v="46,43"[\r][\n]"
  http-outgoing-0 << "[\r][\n]"
  http-outgoing-0 << "102.0.5005.61"
  http-outgoing-0 << HTTP/1.1 200 OK
  http-outgoing-0 << X-GUploader-UploadID: ADPycdsE8umtBPdw3HTPHJBJ7k5ZE4drWWk7b3MQ9wL-9vdmuo_cW1tGthPLh8ZahV17NCOp3MluURi6KOt5cnX7mvgui6V2tt3u
  http-outgoing-0 << x-goog-generation: 1653472104416528
  http-outgoing-0 << x-goog-metageneration: 1
  http-outgoing-0 << x-goog-stored-content-encoding: identity
  http-outgoing-0 << x-goog-stored-content-length: 13
  http-outgoing-0 << x-goog-hash: crc32c=IlwCTg==
  http-outgoing-0 << x-goog-hash: md5=dA6OkYYMMyCaraT7LP1mXg==
  http-outgoing-0 << x-goog-storage-class: STANDARD
  http-outgoing-0 << Accept-Ranges: bytes
  http-outgoing-0 << Content-Length: 13
  http-outgoing-0 << Server: UploadServer
  http-outgoing-0 << Date: Thu, 02 Jun 2022 19:37:28 GMT
  http-outgoing-0 << Expires: Thu, 02 Jun 2022 20:37:28 GMT
  http-outgoing-0 << Cache-Control: public, max-age=3600
  http-outgoing-0 << Age: 1848
  http-outgoing-0 << Last-Modified: Wed, 25 May 2022 09:48:24 GMT
  http-outgoing-0 << ETag: "740e8e91860c33209aada4fb2cfd665e"
  http-outgoing-0 << Content-Type: text/plain
  http-outgoing-0 << Alt-Svc: h3=":443"; ma=2592000,h3-29=":443"; ma=2592000,h3-Q050=":443"; ma=2592000,h3-Q046=":443"; ma=2592000,h3-Q043=":443"; ma=2592000,quic=":443"; ma=2592000; v="46,43"
  Connection can be kept alive indefinitely
  Connection [id: 0][route: {s}->https://chromedriver.storage.googleapis.com:443] can be kept alive indefinitely
  http-outgoing-0: set socket timeout to 0
  Connection released: [id: 0][route: {s}->https://chromedriver.storage.googleapis.com:443][total available: 1; route allocated: 1 of 2; total allocated: 1 of 20]
  Connection manager is shutting down
  http-outgoing-0: Close connection
  Connection manager shut down
  Connection 0.0.0.0:49499<->104.21.59.93:443 closed
  CookieSpec selected: standard
  Auth cache not set in the context
  Connection request: [route: {s}->https://chromedriver.storage.googleapis.com:443][total available: 0; route allocated: 0 of 2; total allocated: 0 of 20]
  Connection leased: [id: 1][route: {s}->https://chromedriver.storage.googleapis.com:443][total available: 0; route allocated: 1 of 2; total allocated: 1 of 20]
  Opening connection {s}->https://chromedriver.storage.googleapis.com:443
  Connecting to chromedriver.storage.googleapis.com/142.250.195.208:443
  Connecting socket to chromedriver.storage.googleapis.com/142.250.195.208:443 with timeout 0
  Enabled protocols: [TLSv1, TLSv1.1, TLSv1.2]
  Enabled cipher suites:[TLS_ECDHE_ECDSA_WITH_AES_128_CBC_SHA256, TLS_ECDHE_RSA_WITH_AES_128_CBC_SHA256, TLS_RSA_WITH_AES_128_CBC_SHA256, TLS_ECDH_ECDSA_WITH_AES_128_CBC_SHA256, TLS_ECDH_RSA_WITH_AES_128_CBC_SHA256, TLS_DHE_RSA_WITH_AES_128_CBC_SHA256, TLS_DHE_DSS_WITH_AES_128_CBC_SHA256, TLS_ECDHE_ECDSA_WITH_AES_128_CBC_SHA, TLS_ECDHE_RSA_WITH_AES_128_CBC_SHA, TLS_RSA_WITH_AES_128_CBC_SHA, TLS_ECDH_ECDSA_WITH_AES_128_CBC_SHA, TLS_ECDH_RSA_WITH_AES_128_CBC_SHA, TLS_DHE_RSA_WITH_AES_128_CBC_SHA, TLS_DHE_DSS_WITH_AES_128_CBC_SHA, TLS_ECDHE_ECDSA_WITH_AES_128_GCM_SHA256, TLS_ECDHE_RSA_WITH_AES_128_GCM_SHA256, TLS_RSA_WITH_AES_128_GCM_SHA256, TLS_ECDH_ECDSA_WITH_AES_128_GCM_SHA256, TLS_ECDH_RSA_WITH_AES_128_GCM_SHA256, TLS_DHE_RSA_WITH_AES_128_GCM_SHA256, TLS_DHE_DSS_WITH_AES_128_GCM_SHA256, TLS_EMPTY_RENEGOTIATION_INFO_SCSV]
  Starting handshake
  Secure session established
   negotiated protocol: TLSv1.2
   negotiated cipher suite: TLS_ECDHE_ECDSA_WITH_AES_128_GCM_SHA256
   peer principal: CN=*.storage.googleapis.com
   peer alternative names: [*.storage.googleapis.com, *.googleapis.com, commondatastorage.googleapis.com, *.commondatastorage.googleapis.com, storage.googleapis.com, storage.mtls.googleapis.com, *.appspot.com.storage.googleapis.com, *.content-storage.googleapis.com, *.content-storage-p2.googleapis.com, *.content-storage-upload.googleapis.com, *.content-storage-download.googleapis.com, *.storage-upload.googleapis.com, *.storage-download.googleapis.com]
   issuer principal: CN=GTS CA 1C3, O=Google Trust Services LLC, C=US
  Connection established 192.168.1.44:49511<->142.250.195.208:443
  http-outgoing-1: set socket timeout to 30000
  Executing request GET /LATEST_RELEASE HTTP/1.1
  Target auth state: UNCHALLENGED
  Proxy auth state: UNCHALLENGED
  http-outgoing-1 >> GET /LATEST_RELEASE HTTP/1.1
  http-outgoing-1 >> User-Agent: Apache-HttpClient/4.5.6
  http-outgoing-1 >> Connection: keep-alive
  http-outgoing-1 >> Host: chromedriver.storage.googleapis.com
  http-outgoing-1 >> Accept-Encoding: gzip,deflate
  http-outgoing-1 >> "GET /LATEST_RELEASE HTTP/1.1[\r][\n]"
  http-outgoing-1 >> "User-Agent: Apache-HttpClient/4.5.6[\r][\n]"
  http-outgoing-1 >> "Connection: keep-alive[\r][\n]"
  http-outgoing-1 >> "Host: chromedriver.storage.googleapis.com[\r][\n]"
  http-outgoing-1 >> "Accept-Encoding: gzip,deflate[\r][\n]"
  http-outgoing-1 >> "[\r][\n]"
  http-outgoing-1 << "HTTP/1.1 200 OK[\r][\n]"
  http-outgoing-1 << "X-GUploader-UploadID: ADPycdsE8umtBPdw3HTPHJBJ7k5ZE4drWWk7b3MQ9wL-9vdmuo_cW1tGthPLh8ZahV17NCOp3MluURi6KOt5cnX7mvgui6V2tt3u[\r][\n]"
  http-outgoing-1 << "x-goog-generation: 1653472104416528[\r][\n]"
  http-outgoing-1 << "x-goog-metageneration: 1[\r][\n]"
  http-outgoing-1 << "x-goog-stored-content-encoding: identity[\r][\n]"
  http-outgoing-1 << "x-goog-stored-content-length: 13[\r][\n]"
  http-outgoing-1 << "x-goog-hash: crc32c=IlwCTg==[\r][\n]"
  http-outgoing-1 << "x-goog-hash: md5=dA6OkYYMMyCaraT7LP1mXg==[\r][\n]"
  http-outgoing-1 << "x-goog-storage-class: STANDARD[\r][\n]"
  http-outgoing-1 << "Accept-Ranges: bytes[\r][\n]"
  http-outgoing-1 << "Content-Length: 13[\r][\n]"
  http-outgoing-1 << "Server: UploadServer[\r][\n]"
  http-outgoing-1 << "Date: Thu, 02 Jun 2022 19:37:28 GMT[\r][\n]"
  http-outgoing-1 << "Expires: Thu, 02 Jun 2022 20:37:28 GMT[\r][\n]"
  http-outgoing-1 << "Cache-Control: public, max-age=3600[\r][\n]"
  http-outgoing-1 << "Age: 1848[\r][\n]"
  http-outgoing-1 << "Last-Modified: Wed, 25 May 2022 09:48:24 GMT[\r][\n]"
  http-outgoing-1 << "ETag: "740e8e91860c33209aada4fb2cfd665e"[\r][\n]"
  http-outgoing-1 << "Content-Type: text/plain[\r][\n]"
  http-outgoing-1 << "Alt-Svc: h3=":443"; ma=2592000,h3-29=":443"; ma=2592000,h3-Q050=":443"; ma=2592000,h3-Q046=":443"; ma=2592000,h3-Q043=":443"; ma=2592000,quic=":443"; ma=2592000; v="46,43"[\r][\n]"
  http-outgoing-1 << "[\r][\n]"
  http-outgoing-1 << "102.0.5005.61"
  http-outgoing-1 << HTTP/1.1 200 OK
  http-outgoing-1 << X-GUploader-UploadID: ADPycdsE8umtBPdw3HTPHJBJ7k5ZE4drWWk7b3MQ9wL-9vdmuo_cW1tGthPLh8ZahV17NCOp3MluURi6KOt5cnX7mvgui6V2tt3u
  http-outgoing-1 << x-goog-generation: 1653472104416528
  http-outgoing-1 << x-goog-metageneration: 1
  http-outgoing-1 << x-goog-stored-content-encoding: identity
  http-outgoing-1 << x-goog-stored-content-length: 13
  http-outgoing-1 << x-goog-hash: crc32c=IlwCTg==
  http-outgoing-1 << x-goog-hash: md5=dA6OkYYMMyCaraT7LP1mXg==
  http-outgoing-1 << x-goog-storage-class: STANDARD
  http-outgoing-1 << Accept-Ranges: bytes
  http-outgoing-1 << Content-Length: 13
  http-outgoing-1 << Server: UploadServer
  http-outgoing-1 << Date: Thu, 02 Jun 2022 19:37:28 GMT
  http-outgoing-1 << Expires: Thu, 02 Jun 2022 20:37:28 GMT
  http-outgoing-1 << Cache-Control: public, max-age=3600
  http-outgoing-1 << Age: 1848
  http-outgoing-1 << Last-Modified: Wed, 25 May 2022 09:48:24 GMT
  http-outgoing-1 << ETag: "740e8e91860c33209aada4fb2cfd665e"
  http-outgoing-1 << Content-Type: text/plain
  http-outgoing-1 << Alt-Svc: h3=":443"; ma=2592000,h3-29=":443"; ma=2592000,h3-Q050=":443"; ma=2592000,h3-Q046=":443"; ma=2592000,h3-Q043=":443"; ma=2592000,quic=":443"; ma=2592000; v="46,43"
  Connection can be kept alive indefinitely
  Connection [id: 1][route: {s}->https://chromedriver.storage.googleapis.com:443] can be kept alive indefinitely
  http-outgoing-1: set socket timeout to 0
  Connection released: [id: 1][route: {s}->https://chromedriver.storage.googleapis.com:443][total available: 1; route allocated: 1 of 2; total allocated: 1 of 20]
  CookieSpec selected: standard
  Auth cache not set in the context
  Connection request: [route: {s}->https://chromedriver.storage.googleapis.com:443][total available: 0; route allocated: 0 of 2; total allocated: 0 of 20]
  Connection leased: [id: 2][route: {s}->https://chromedriver.storage.googleapis.com:443][total available: 0; route allocated: 1 of 2; total allocated: 1 of 20]
  Opening connection {s}->https://chromedriver.storage.googleapis.com:443
  Connecting to chromedriver.storage.googleapis.com/142.250.195.208:443
  Connecting socket to chromedriver.storage.googleapis.com/142.250.195.208:443 with timeout 0
  Using Log4J as the default logging framework
  -Dio.netty.leakDetection.level: simple
  -Dio.netty.leakDetection.targetRecords: 4
  Loaded default ResourceLeakDetector: io.netty.util.ResourceLeakDetector@4ea688b
  Enabled protocols: [TLSv1, TLSv1.1, TLSv1.2]
  Enabled cipher suites:[TLS_ECDHE_ECDSA_WITH_AES_128_CBC_SHA256, TLS_ECDHE_RSA_WITH_AES_128_CBC_SHA256, TLS_RSA_WITH_AES_128_CBC_SHA256, TLS_ECDH_ECDSA_WITH_AES_128_CBC_SHA256, TLS_ECDH_RSA_WITH_AES_128_CBC_SHA256, TLS_DHE_RSA_WITH_AES_128_CBC_SHA256, TLS_DHE_DSS_WITH_AES_128_CBC_SHA256, TLS_ECDHE_ECDSA_WITH_AES_128_CBC_SHA, TLS_ECDHE_RSA_WITH_AES_128_CBC_SHA, TLS_RSA_WITH_AES_128_CBC_SHA, TLS_ECDH_ECDSA_WITH_AES_128_CBC_SHA, TLS_ECDH_RSA_WITH_AES_128_CBC_SHA, TLS_DHE_RSA_WITH_AES_128_CBC_SHA, TLS_DHE_DSS_WITH_AES_128_CBC_SHA, TLS_ECDHE_ECDSA_WITH_AES_128_GCM_SHA256, TLS_ECDHE_RSA_WITH_AES_128_GCM_SHA256, TLS_RSA_WITH_AES_128_GCM_SHA256, TLS_ECDH_ECDSA_WITH_AES_128_GCM_SHA256, TLS_ECDH_RSA_WITH_AES_128_GCM_SHA256, TLS_DHE_RSA_WITH_AES_128_GCM_SHA256, TLS_DHE_DSS_WITH_AES_128_GCM_SHA256, TLS_EMPTY_RENEGOTIATION_INFO_SCSV]
  Starting handshake
  -Dio.netty.noUnsafe: false
  Java version: 8
  sun.misc.Unsafe.theUnsafe: available
  sun.misc.Unsafe.copyMemory: available
  java.nio.Buffer.address: available
  direct buffer constructor: available
  java.nio.Bits.unaligned: available, true
  jdk.internal.misc.Unsafe.allocateUninitializedArray(int): unavailable prior to Java9
  java.nio.DirectByteBuffer.<init>(long, int): available
  sun.misc.Unsafe: available
  -Dio.netty.tmpdir: C:\Users\LENOVO\AppData\Local\Temp (java.io.tmpdir)
  -Dio.netty.bitMode: 64 (sun.arch.data.model)
  Platform: Windows
  -Dio.netty.maxDirectMemory: 934281216 bytes
  -Dio.netty.uninitializedArrayAllocationThreshold: -1
  java.nio.ByteBuffer.cleaner(): available
  -Dio.netty.noPreferDirect: false
  org.jctools-core.MpscChunkedArrayQueue: available
  Secure session established
   negotiated protocol: TLSv1.2
   negotiated cipher suite: TLS_ECDHE_ECDSA_WITH_AES_128_GCM_SHA256
   peer principal: CN=*.storage.googleapis.com
   peer alternative names: [*.storage.googleapis.com, *.googleapis.com, commondatastorage.googleapis.com, *.commondatastorage.googleapis.com, storage.googleapis.com, storage.mtls.googleapis.com, *.appspot.com.storage.googleapis.com, *.content-storage.googleapis.com, *.content-storage-p2.googleapis.com, *.content-storage-upload.googleapis.com, *.content-storage-download.googleapis.com, *.storage-upload.googleapis.com, *.storage-download.googleapis.com]
   issuer principal: CN=GTS CA 1C3, O=Google Trust Services LLC, C=US
  Connection established 192.168.1.44:49512<->142.250.195.208:443
  http-outgoing-2: set socket timeout to 30000
  Executing request GET /LATEST_RELEASE HTTP/1.1
  Target auth state: UNCHALLENGED
  Proxy auth state: UNCHALLENGED
  http-outgoing-2 >> GET /LATEST_RELEASE HTTP/1.1
  http-outgoing-2 >> User-Agent: Apache-HttpClient/4.5.6
  http-outgoing-2 >> Connection: keep-alive
  http-outgoing-2 >> Host: chromedriver.storage.googleapis.com
  http-outgoing-2 >> Accept-Encoding: gzip,deflate
  http-outgoing-2 >> "GET /LATEST_RELEASE HTTP/1.1[\r][\n]"
  http-outgoing-2 >> "User-Agent: Apache-HttpClient/4.5.6[\r][\n]"
  http-outgoing-2 >> "Connection: keep-alive[\r][\n]"
  http-outgoing-2 >> "Host: chromedriver.storage.googleapis.com[\r][\n]"
  http-outgoing-2 >> "Accept-Encoding: gzip,deflate[\r][\n]"
  http-outgoing-2 >> "[\r][\n]"
  -Dio.netty.threadLocalMap.stringBuilder.initialSize: 1024
  -Dio.netty.threadLocalMap.stringBuilder.maxSize: 4096
  Default protocols (JDK): [TLSv1.2, TLSv1.1, TLSv1] 
  Default cipher suites (JDK): [TLS_ECDHE_ECDSA_WITH_AES_128_GCM_SHA256, TLS_ECDHE_RSA_WITH_AES_128_GCM_SHA256, TLS_ECDHE_RSA_WITH_AES_128_CBC_SHA, TLS_RSA_WITH_AES_128_GCM_SHA256, TLS_RSA_WITH_AES_128_CBC_SHA]
  http-outgoing-2 << "HTTP/1.1 200 OK[\r][\n]"
  http-outgoing-2 << "X-GUploader-UploadID: ADPycdsE8umtBPdw3HTPHJBJ7k5ZE4drWWk7b3MQ9wL-9vdmuo_cW1tGthPLh8ZahV17NCOp3MluURi6KOt5cnX7mvgui6V2tt3u[\r][\n]"
  http-outgoing-2 << "x-goog-generation: 1653472104416528[\r][\n]"
  http-outgoing-2 << "x-goog-metageneration: 1[\r][\n]"
  http-outgoing-2 << "x-goog-stored-content-encoding: identity[\r][\n]"
  http-outgoing-2 << "x-goog-stored-content-length: 13[\r][\n]"
  http-outgoing-2 << "x-goog-hash: crc32c=IlwCTg==[\r][\n]"
  http-outgoing-2 << "x-goog-hash: md5=dA6OkYYMMyCaraT7LP1mXg==[\r][\n]"
  http-outgoing-2 << "x-goog-storage-class: STANDARD[\r][\n]"
  http-outgoing-2 << "Accept-Ranges: bytes[\r][\n]"
  http-outgoing-2 << "Content-Length: 13[\r][\n]"
  http-outgoing-2 << "Server: UploadServer[\r][\n]"
  http-outgoing-2 << "Date: Thu, 02 Jun 2022 19:37:28 GMT[\r][\n]"
  http-outgoing-2 << "Expires: Thu, 02 Jun 2022 20:37:28 GMT[\r][\n]"
  http-outgoing-2 << "Cache-Control: public, max-age=3600[\r][\n]"
  http-outgoing-2 << "Age: 1849[\r][\n]"
  http-outgoing-2 << "Last-Modified: Wed, 25 May 2022 09:48:24 GMT[\r][\n]"
  http-outgoing-2 << "ETag: "740e8e91860c33209aada4fb2cfd665e"[\r][\n]"
  http-outgoing-2 << "Content-Type: text/plain[\r][\n]"
  http-outgoing-2 << "Alt-Svc: h3=":443"; ma=2592000,h3-29=":443"; ma=2592000,h3-Q050=":443"; ma=2592000,h3-Q046=":443"; ma=2592000,h3-Q043=":443"; ma=2592000,quic=":443"; ma=2592000; v="46,43"[\r][\n]"
  http-outgoing-2 << "[\r][\n]"
  http-outgoing-2 << "102.0.5005.61"
  http-outgoing-2 << HTTP/1.1 200 OK
  http-outgoing-2 << X-GUploader-UploadID: ADPycdsE8umtBPdw3HTPHJBJ7k5ZE4drWWk7b3MQ9wL-9vdmuo_cW1tGthPLh8ZahV17NCOp3MluURi6KOt5cnX7mvgui6V2tt3u
  http-outgoing-2 << x-goog-generation: 1653472104416528
  http-outgoing-2 << x-goog-metageneration: 1
  http-outgoing-2 << x-goog-stored-content-encoding: identity
  http-outgoing-2 << x-goog-stored-content-length: 13
  http-outgoing-2 << x-goog-hash: crc32c=IlwCTg==
  http-outgoing-2 << x-goog-hash: md5=dA6OkYYMMyCaraT7LP1mXg==
  http-outgoing-2 << x-goog-storage-class: STANDARD
  http-outgoing-2 << Accept-Ranges: bytes
  http-outgoing-2 << Content-Length: 13
  http-outgoing-2 << Server: UploadServer
  http-outgoing-2 << Date: Thu, 02 Jun 2022 19:37:28 GMT
  http-outgoing-2 << Expires: Thu, 02 Jun 2022 20:37:28 GMT
  http-outgoing-2 << Cache-Control: public, max-age=3600
  http-outgoing-2 << Age: 1849
  http-outgoing-2 << Last-Modified: Wed, 25 May 2022 09:48:24 GMT
  http-outgoing-2 << ETag: "740e8e91860c33209aada4fb2cfd665e"
  http-outgoing-2 << Content-Type: text/plain
  http-outgoing-2 << Alt-Svc: h3=":443"; ma=2592000,h3-29=":443"; ma=2592000,h3-Q050=":443"; ma=2592000,h3-Q046=":443"; ma=2592000,h3-Q043=":443"; ma=2592000,quic=":443"; ma=2592000; v="46,43"
  Connection can be kept alive indefinitely
  Connection [id: 2][route: {s}->https://chromedriver.storage.googleapis.com:443] can be kept alive indefinitely
  http-outgoing-2: set socket timeout to 0
  Connection released: [id: 2][route: {s}->https://chromedriver.storage.googleapis.com:443][total available: 1; route allocated: 1 of 2; total allocated: 1 of 20]
  -Dio.netty.eventLoopThreads: 8
  -Dio.netty.noKeySetOptimization: false
  -Dio.netty.selectorAutoRebuildThreshold: 512
  -Dio.netty.allocator.numHeapArenas: 8
  -Dio.netty.allocator.numDirectArenas: 8
  -Dio.netty.allocator.pageSize: 8192
  -Dio.netty.allocator.maxOrder: 9
  -Dio.netty.allocator.chunkSize: 4194304
  -Dio.netty.allocator.smallCacheSize: 256
  -Dio.netty.allocator.normalCacheSize: 64
  -Dio.netty.allocator.maxCachedBufferCapacity: 32768
  -Dio.netty.allocator.cacheTrimInterval: 8192
  -Dio.netty.allocator.cacheTrimIntervalMillis: 0
  -Dio.netty.allocator.useCacheForAllThreads: false
  -Dio.netty.allocator.maxCachedByteBuffersPerChunk: 1023
  -Dio.netty.allocator.type: pooled
  -Dio.netty.threadLocalDirectBufferSize: 0
  -Dio.netty.maxThreadLocalCharBufferSize: 16384
  -Dio.netty.processId: 26400 (auto-detected)
  -Djava.net.preferIPv4Stack: false
  -Djava.net.preferIPv6Addresses: false
  Loopback interface: lo (Software Loopback Interface 1, 127.0.0.1)
  Failed to get SOMAXCONN from sysctl and file \proc\sys\net\core\somaxconn. Default: 200
  -Dio.netty.machineId: 3c:f8:62:ff:fe:04:f4:8e (auto-detected)
  -Dio.netty.buffer.checkAccessible: true
  -Dio.netty.buffer.checkBounds: true
  Loaded default ResourceLeakDetector: io.netty.util.ResourceLeakDetector@32e9e513
  -Dio.netty.recycler.maxCapacityPerThread: 4096
  -Dio.netty.recycler.ratio: 8
  -Dio.netty.recycler.chunkSize: 32
  -Dio.netty.recycler.blocking: false
  brotli4j not in the classpath; Brotli support will be unavailable.
  -Dio.netty.initialSeedUniquifier: 0xe929d33bdc59382f
  ----------------------Closed Chrome Browser----------------------
  ----------------------Closed Chrome Browser----------------------
  ----------------------Closed Chrome Browser----------------------
  Couldn't find template in cache for "Extent.ftl"("en_IN", UTF-8, parsed); will try to load it.
  TemplateLoader.findTemplateSource("Extent_en_IN.ftl"): Not found
  TemplateLoader.findTemplateSource("Extent_en.ftl"): Not found
  TemplateLoader.findTemplateSource("Extent.ftl"): Found
  Loading template for "Extent.ftl"("en_IN", UTF-8, parsed) from "jar:file:/C:/Users/LENOVO/.m2/repository/com/relevantcodes/extentreports/2.41.2/extentreports-2.41.2.jar!/com/relevantcodes/extentreports/view/Extent.ftl"
  Get connection for route {s}->https://reqres.in:443
  Connecting to reqres.in:443
  CookieSpec selected: ignoreCookies
  Auth cache not set in the context
  Target auth state: UNCHALLENGED
  Proxy auth state: UNCHALLENGED
  Attempt 1 to execute request
  Sending request: GET /api/users?page=1 HTTP/1.1
   >> "GET /api/users?page=1 HTTP/1.1[\r][\n]"
   >> "Accept: */*[\r][\n]"
   >> "Host: reqres.in[\r][\n]"
   >> "Connection: Keep-Alive[\r][\n]"
   >> "User-Agent: Apache-HttpClient/4.5.13 (Java/17.0.5)[\r][\n]"
   >> "Accept-Encoding: gzip,deflate[\r][\n]"
   >> "[\r][\n]"
  >> GET /api/users?page=1 HTTP/1.1
  >> Accept: */*
  >> Host: reqres.in
  >> Connection: Keep-Alive
  >> User-Agent: Apache-HttpClient/4.5.13 (Java/17.0.5)
  >> Accept-Encoding: gzip,deflate
   << "HTTP/1.1 200 OK[\r][\n]"
   << "Date: Wed, 22 Feb 2023 18:48:46 GMT[\r][\n]"
   << "Content-Type: application/json; charset=utf-8[\r][\n]"
   << "Transfer-Encoding: chunked[\r][\n]"
   << "Connection: keep-alive[\r][\n]"
   << "X-Powered-By: Express[\r][\n]"
   << "Access-Control-Allow-Origin: *[\r][\n]"
   << "Etag: W/"3e4-2RLXvr5wTg9YQ6aH95CkYoFNuO8"[\r][\n]"
   << "Via: 1.1 vegur[\r][\n]"
   << "Cache-Control: max-age=14400[\r][\n]"
   << "CF-Cache-Status: HIT[\r][\n]"
   << "Age: 464[\r][\n]"
   << "Report-To: {"endpoints":[{"url":"https:\/\/a.nel.cloudflare.com\/report\/v3?s=KFYCf8T6U2UZvzRVcBp%2BrdF%2BmK%2FIsa8ms2RHA3qZvHhC4f5hmFIpExJM7KZ7X%2FXxhN5eH1wxM9XEbgD6%2FcgsHqou72HHNYpJZnZi3eseM5ElrHNSLSBWqUB3dA%3D%3D"}],"group":"cf-nel","max_age":604800}[\r][\n]"
   << "NEL: {"success_fraction":0,"report_to":"cf-nel","max_age":604800}[\r][\n]"
   << "Vary: Accept-Encoding[\r][\n]"
   << "Server: cloudflare[\r][\n]"
   << "CF-RAY: 79d9e5d80eacf56b-BOM[\r][\n]"
   << "Content-Encoding: gzip[\r][\n]"
   << "[\r][\n]"
  Receiving response: HTTP/1.1 200 OK
  << HTTP/1.1 200 OK
  << Date: Wed, 22 Feb 2023 18:48:46 GMT
  << Content-Type: application/json; charset=utf-8
  << Transfer-Encoding: chunked
  << Connection: keep-alive
  << X-Powered-By: Express
  << Access-Control-Allow-Origin: *
  << Etag: W/"3e4-2RLXvr5wTg9YQ6aH95CkYoFNuO8"
  << Via: 1.1 vegur
  << Cache-Control: max-age=14400
  << CF-Cache-Status: HIT
  << Age: 464
  << Report-To: {"endpoints":[{"url":"https:\/\/a.nel.cloudflare.com\/report\/v3?s=KFYCf8T6U2UZvzRVcBp%2BrdF%2BmK%2FIsa8ms2RHA3qZvHhC4f5hmFIpExJM7KZ7X%2FXxhN5eH1wxM9XEbgD6%2FcgsHqou72HHNYpJZnZi3eseM5ElrHNSLSBWqUB3dA%3D%3D"}],"group":"cf-nel","max_age":604800}
  << NEL: {"success_fraction":0,"report_to":"cf-nel","max_age":604800}
  << Vary: Accept-Encoding
  << Server: cloudflare
  << CF-RAY: 79d9e5d80eacf56b-BOM
  << Content-Encoding: gzip
  Connection can be kept alive indefinitely
  Parsing response as: application/json; charset=utf-8
   << "170[\r][\n]"
   << "[0x1f][0x8b][0x8][0x0][0x0][0x0][0x0][0x0][0x0][0x3][0x8d][0xd1]MK[0xc4]0[0x10][0x6][0xe0][0xbf][0x12][0xc7]kl[0xd9][0xf][0xf7][0x90][0x93]([0xa2][0x8]^[0x16][0xc1][0x83][0x88][0x8c][0xed]l[0x1b]m[0x9a]8[0x99][0xed]*[0xcb][0xfe]w[0xd9][0xae]X)][0xe9]-[0x1f][0xef][0x9b]y [[0x8]X[0x10][0x98][0x89][0x86]@[0xfc]r[0xd8],4[0x88][0x17][0xac][0xc0]L[0xa6]?[0xcb][0xf6]&[0x82][0x99]j[0xc8]Q[0x10][0xcc][0xd3][0x16]l[0xde][0xf6][0xc8][0xa1][0xad][0xc0]@A[0x9e][0xb]J^[0xab][0xb5][0x94][0x17]L[0x1f]L1[0xb1]5hXY[0x8e][0xf2]R[0xa3]#0p[0xd3][0xa6]@C[0x85][0xdd][0xe1][0xe5][0xbe][0x3][0x1a][0xb0]AA[0x6][0x3][0xa5]H[0x88]&M[0x9f]I[0xad]+[0xd2][0x15]f[0x14][0xd3][0xc9][0x99]uXP[0xf2][0x16][\n]"
   << "[0xd8][0xe9][0x3]c[0xda]1[0xde][0xb0]&I6[0x84][\r][0xf1]q[0xc6][0xdd]>[0xd5]S<[0xb6][0x9d][0xb1][0x8c][0xe9][0x0]c[0xd6]1[0xc8]9L6[0xbe].[0x8e][0x1b][0xae][0x9d][0xc3]>[0xc1][0xd7][0xc5]X[0xc0]l[0x0]0[0xff][0x3]h()}%[0xff][0xcc]o[0xfa][0xff]p[0xeb]+[0x19];~>0[0xfe][0xbc][0x1b][0x9f][0x95][0xc8][0x15][0xc5][0xc4]yf[0x1b][0x8f]#[0xae][0xe][0xb9][0x1e][0xe4][0xbe]m[0x8d][0xa5][0x9c][0xf]P[0x16][0x1d]E[0x18]3[0xfa]J[0x18][0x9d][0xff][0x7][0xf2][0xd0][0xa6]z[0x8e][0xe5][0xbe]3[0x96][0xb1][0xf8][0xcb]x[0xd6][0x10][0xd7]!x[0x16]0[Xs5X>[0xfd][0xc9][0x9c][0x95][0x84][0xb9]m[0xff]^[0xe8]S[0xf6][0x1c][0xaf][0xde][0x89][0x82]Z[0xd2][0xc7][0x92][0xa2]Z1[0x91]V[0x99][0xaf][0x85][0xed][0xeb]Z[0xac][0xaf][0xa3][0x12][0xbf]A[0xce][0xa3][0x8a][0xc4][\r][0xb1][0xca]|[0x94][0xa8][0x90]Ia[0x8]L[0x99]E[0xa1][0xfc][0x4]v[0xbb]o[0xcc]?[0x16][0xce][0xe4][0x3][0x0][0x0]"
   << "[\r][\n]"
   << "0[\r][\n]"
   << "[\r][\n]"
  Parsed data to instance of: class org.apache.http.conn.EofSensorInputStream
  ---------200---------------
  get API passed
  Releasing connection org.apache.http.impl.conn.ManagedClientConnectionImpl@2538bc06
  Connection can be kept alive indefinitely
  {"page":1,"per_page":6,"total":12,"total_pages":2,"data":[{"id":1,"email":"george.bluth@reqres.in","first_name":"George","last_name":"Bluth","avatar":"https://reqres.in/img/faces/1-image.jpg"},{"id":2,"email":"janet.weaver@reqres.in","first_name":"Janet","last_name":"Weaver","avatar":"https://reqres.in/img/faces/2-image.jpg"},{"id":3,"email":"emma.wong@reqres.in","first_name":"Emma","last_name":"Wong","avatar":"https://reqres.in/img/faces/3-image.jpg"},{"id":4,"email":"eve.holt@reqres.in","first_name":"Eve","last_name":"Holt","avatar":"https://reqres.in/img/faces/4-image.jpg"},{"id":5,"email":"charles.morris@reqres.in","first_name":"Charles","last_name":"Morris","avatar":"https://reqres.in/img/faces/5-image.jpg"},{"id":6,"email":"tracey.ramos@reqres.in","first_name":"Tracey","last_name":"Ramos","avatar":"https://reqres.in/img/faces/6-image.jpg"}],"support":{"url":"https://reqres.in/#support-heading","text":"To keep ReqRes free, contributions towards server costs are appreciated!"}}
  Get connection for route {s}->https://reqres.in:443
  Connecting to reqres.in:443
  CookieSpec selected: ignoreCookies
  Auth cache not set in the context
  Target auth state: UNCHALLENGED
  Proxy auth state: UNCHALLENGED
  Attempt 1 to execute request
  Sending request: GET /api/users?page=2 HTTP/1.1
   >> "GET /api/users?page=2 HTTP/1.1[\r][\n]"
   >> "Accept: */*[\r][\n]"
   >> "Host: reqres.in[\r][\n]"
   >> "Connection: Keep-Alive[\r][\n]"
   >> "User-Agent: Apache-HttpClient/4.5.13 (Java/17.0.5)[\r][\n]"
   >> "Accept-Encoding: gzip,deflate[\r][\n]"
   >> "[\r][\n]"
  >> GET /api/users?page=2 HTTP/1.1
  >> Accept: */*
  >> Host: reqres.in
  >> Connection: Keep-Alive
  >> User-Agent: Apache-HttpClient/4.5.13 (Java/17.0.5)
  >> Accept-Encoding: gzip,deflate
   << "HTTP/1.1 200 OK[\r][\n]"
   << "Date: Wed, 22 Feb 2023 18:48:46 GMT[\r][\n]"
   << "Content-Type: application/json; charset=utf-8[\r][\n]"
   << "Transfer-Encoding: chunked[\r][\n]"
   << "Connection: keep-alive[\r][\n]"
   << "X-Powered-By: Express[\r][\n]"
   << "Access-Control-Allow-Origin: *[\r][\n]"
   << "Etag: W/"406-ut0vzoCuidvyMf8arZpMpJ6ZRDw"[\r][\n]"
   << "Via: 1.1 vegur[\r][\n]"
   << "Cache-Control: max-age=14400[\r][\n]"
   << "CF-Cache-Status: HIT[\r][\n]"
   << "Age: 4686[\r][\n]"
   << "Report-To: {"endpoints":[{"url":"https:\/\/a.nel.cloudflare.com\/report\/v3?s=LBAGtV6rFjLNQNhzeosue3Izj1qIF4g6CJAXbg3LxqUAbof5uf%2BmoU%2FC4VNoLuxwfg%2BjfD1k67nwCNBHhOtSpaWBjx%2Bs674tZ9MSStZTizW4SdzFzQoXWgJ4yA%3D%3D"}],"group":"cf-nel","max_age":604800}[\r][\n]"
   << "NEL: {"success_fraction":0,"report_to":"cf-nel","max_age":604800}[\r][\n]"
   << "Vary: Accept-Encoding[\r][\n]"
   << "Server: cloudflare[\r][\n]"
   << "CF-RAY: 79d9e5d90ff5f435-BOM[\r][\n]"
   << "Content-Encoding: gzip[\r][\n]"
   << "[\r][\n]"
  Receiving response: HTTP/1.1 200 OK
  << HTTP/1.1 200 OK
  << Date: Wed, 22 Feb 2023 18:48:46 GMT
  << Content-Type: application/json; charset=utf-8
  << Transfer-Encoding: chunked
  << Connection: keep-alive
  << X-Powered-By: Express
  << Access-Control-Allow-Origin: *
  << Etag: W/"406-ut0vzoCuidvyMf8arZpMpJ6ZRDw"
  << Via: 1.1 vegur
  << Cache-Control: max-age=14400
  << CF-Cache-Status: HIT
  << Age: 4686
  << Report-To: {"endpoints":[{"url":"https:\/\/a.nel.cloudflare.com\/report\/v3?s=LBAGtV6rFjLNQNhzeosue3Izj1qIF4g6CJAXbg3LxqUAbof5uf%2BmoU%2FC4VNoLuxwfg%2BjfD1k67nwCNBHhOtSpaWBjx%2Bs674tZ9MSStZTizW4SdzFzQoXWgJ4yA%3D%3D"}],"group":"cf-nel","max_age":604800}
  << NEL: {"success_fraction":0,"report_to":"cf-nel","max_age":604800}
  << Vary: Accept-Encoding
  << Server: cloudflare
  << CF-RAY: 79d9e5d90ff5f435-BOM
  << Content-Encoding: gzip
  Connection can be kept alive indefinitely
  Parsing response as: application/json; charset=utf-8
   << "17b[\r][\n]"
   << "[0x1f][0x8b][0x8][0x0][0x0][0x0][0x0][0x0][0x0][0x3][0x8d][0xd2][0xcd]n[0xa3]0[0x14][0x86][0xe1][q[0xcf]l](Y[0xf4][0xc7][0xab][0xaa][0xd2][0xcc]t[0xd1]n[0xa2][0xd9]U[0xa3][0xea][0x4][0xe][0xe0][0xd6][0xd8][0xee][0xb1]i[0xa6][0x8a]r[0xef]UM4T[0x88]D[0xec][0x0][0xbf][0x1f]z[0x84][0xd8][0x81][0xc7][0x86]@[0xad]$x[0xe2][0xe7][0xe1][0xe6]RBt[0x11][\r][0xa8]bu[0xb8]L'!u[0x15]F[0x4][0xf5][0xb4][0x3]][0x81][0xba][0x92]@[0x1d]j[0x3][\n]"
   << ":][0xb6]H&3[0xb8][\r][0xce][0xde]2[0xbd]1[0x85]L[[0x90]Pk[0xe][0xf1][0xd9]bG[0xa0][0xe0]q[0xe8]@[0x82][0xc1][0xf1][0xe9]CZ[0x81][0x4]|[0xc7][0x88][0xc][\n]"
   << "[0xda][0x18]}Py[0xfe][0xff]E[0xb9][0xee][0x9a][0xbc][0xc6][0x92]B~u[0xae];l({[0xf1][\r][0xec][0xe5]@[0xb9][0x1e])F[0xdb]*[0xe0]GV[0x13]7[0xfd]I[0xcc][0xc3]PN0[0xbf][0xe][0xbb][0xa5][0x9c][0xeb][0x19][0xce][0xcd][0xc8][0x89]n[0xa3]1duo_[0xe9]8[0xe5]O[0xaa][0xa6][0x92][0xaf][0xcd]R[0xc6][0xcd][0xc][0xa3][0xb8][0x18][0x1d][0x9b][0xf]v6[0xab]5[0x99]*[0x1c]w[0xdc]}USF[0xda],u[0x14][0x17]s[0x90]b[0x84]4[0xe4][0xb8][0xa1][0x8c][0xaa]-[0xf2])[0xca][0xef][0xd4]M,?[0x87][0xd5]bL1[0x87]Y[0x8d][0x18][0xc6][0xb2]%[0x93][0xb5]nK[0xc6][0x1c][0xb7][0xac]S6[0xb1][0xdc][0xa7][0xd1]b[0xca][0xea];[0xe5][0xaf][0x84][0xd0]{[0xef]8[0x82][0xda]A[0xcf]fv[0xfd][0xe3][0xd0][0x9c][0xb7][0x84][0x95][0xb6][\r]H[0x88][0xf4]/[0xa6][0xff]E[0xbc][0x12]y[0xb1][0xa6][0xb7]5[0x5]Q3[0x91][0x14][0xa5][0xb3][0x91][0xf5][0xa6][0x8f][0xda][0xd9] [0xa2]K[0x9f]J[0x4][0xe2]wbQ[0xba][0x10][0x83]@&[0x81][0xde]3[0x95][0x1a]#Ug[0xb0][0xdf][0x2][0xf6][0x16][0x88]W[0x6][0x4][0x0][0x0]"
   << "[\r][\n]"
   << "0[\r][\n]"
   << "[\r][\n]"
  Parsed data to instance of: class org.apache.http.conn.EofSensorInputStream
  ---------200---------------
  get API passed
  Releasing connection org.apache.http.impl.conn.ManagedClientConnectionImpl@47b11ec7
  Connection can be kept alive indefinitely
  {"page":2,"per_page":6,"total":12,"total_pages":2,"data":[{"id":7,"email":"michael.lawson@reqres.in","first_name":"Michael","last_name":"Lawson","avatar":"https://reqres.in/img/faces/7-image.jpg"},{"id":8,"email":"lindsay.ferguson@reqres.in","first_name":"Lindsay","last_name":"Ferguson","avatar":"https://reqres.in/img/faces/8-image.jpg"},{"id":9,"email":"tobias.funke@reqres.in","first_name":"Tobias","last_name":"Funke","avatar":"https://reqres.in/img/faces/9-image.jpg"},{"id":10,"email":"byron.fields@reqres.in","first_name":"Byron","last_name":"Fields","avatar":"https://reqres.in/img/faces/10-image.jpg"},{"id":11,"email":"george.edwards@reqres.in","first_name":"George","last_name":"Edwards","avatar":"https://reqres.in/img/faces/11-image.jpg"},{"id":12,"email":"rachel.howell@reqres.in","first_name":"Rachel","last_name":"Howell","avatar":"https://reqres.in/img/faces/12-image.jpg"}],"support":{"url":"https://reqres.in/#support-heading","text":"To keep ReqRes free, contributions towards server costs are appreciated!"}}
  Get connection for route {s}->https://reqres.in:443
  Connecting to reqres.in:443
  CookieSpec selected: ignoreCookies
  Auth cache not set in the context
  Target auth state: UNCHALLENGED
  Proxy auth state: UNCHALLENGED
  Attempt 1 to execute request
  Sending request: POST /api/users HTTP/1.1
   >> "POST /api/users HTTP/1.1[\r][\n]"
   >> "Accept: */*[\r][\n]"
   >> "Content-Type: text/plain; charset=ISO-8859-1[\r][\n]"
   >> "Content-Length: 31[\r][\n]"
   >> "Host: reqres.in[\r][\n]"
   >> "Connection: Keep-Alive[\r][\n]"
   >> "User-Agent: Apache-HttpClient/4.5.13 (Java/17.0.5)[\r][\n]"
   >> "Accept-Encoding: gzip,deflate[\r][\n]"
   >> "[\r][\n]"
  >> POST /api/users HTTP/1.1
  >> Accept: */*
  >> Content-Type: text/plain; charset=ISO-8859-1
  >> Content-Length: 31
  >> Host: reqres.in
  >> Connection: Keep-Alive
  >> User-Agent: Apache-HttpClient/4.5.13 (Java/17.0.5)
  >> Accept-Encoding: gzip,deflate
   >> "{"name":"kumar","job":"leader"}"
   << "HTTP/1.1 201 Created[\r][\n]"
   << "Date: Wed, 22 Feb 2023 18:48:47 GMT[\r][\n]"
   << "Content-Type: application/json; charset=utf-8[\r][\n]"
   << "Content-Length: 50[\r][\n]"
   << "Connection: keep-alive[\r][\n]"
   << "X-Powered-By: Express[\r][\n]"
   << "Access-Control-Allow-Origin: *[\r][\n]"
   << "Etag: W/"32-lW/03qEyklR8wMhuI7QzVwO4kjo"[\r][\n]"
   << "Via: 1.1 vegur[\r][\n]"
   << "CF-Cache-Status: DYNAMIC[\r][\n]"
   << "Report-To: {"endpoints":[{"url":"https:\/\/a.nel.cloudflare.com\/report\/v3?s=BELBGsw75pzafZX70yTp%2BaouTCxPWaRrmYEd3d7ZdwKScR1N8vlsbvd7saEG9RHpOD3Yd4DOIRNfKUddMHWpJcsP248%2FtKYAhx69kbnHV9PeHaWx2yRgL%2BbXMw%3D%3D"}],"group":"cf-nel","max_age":604800}[\r][\n]"
   << "NEL: {"success_fraction":0,"report_to":"cf-nel","max_age":604800}[\r][\n]"
   << "Server: cloudflare[\r][\n]"
   << "CF-RAY: 79d9e5db5dbd1bd1-BOM[\r][\n]"
   << "[\r][\n]"
  Receiving response: HTTP/1.1 201 Created
  << HTTP/1.1 201 Created
  << Date: Wed, 22 Feb 2023 18:48:47 GMT
  << Content-Type: application/json; charset=utf-8
  << Content-Length: 50
  << Connection: keep-alive
  << X-Powered-By: Express
  << Access-Control-Allow-Origin: *
  << Etag: W/"32-lW/03qEyklR8wMhuI7QzVwO4kjo"
  << Via: 1.1 vegur
  << CF-Cache-Status: DYNAMIC
  << Report-To: {"endpoints":[{"url":"https:\/\/a.nel.cloudflare.com\/report\/v3?s=BELBGsw75pzafZX70yTp%2BaouTCxPWaRrmYEd3d7ZdwKScR1N8vlsbvd7saEG9RHpOD3Yd4DOIRNfKUddMHWpJcsP248%2FtKYAhx69kbnHV9PeHaWx2yRgL%2BbXMw%3D%3D"}],"group":"cf-nel","max_age":604800}
  << NEL: {"success_fraction":0,"report_to":"cf-nel","max_age":604800}
  << Server: cloudflare
  << CF-RAY: 79d9e5db5dbd1bd1-BOM
  Connection can be kept alive indefinitely
  Parsing response as: application/json; charset=utf-8
  Parsed data to instance of: class org.apache.http.conn.EofSensorInputStream
  ---------201---------------
  post API passed
   << "{"id":"89","createdAt":"2023-02-22T18:48:46.940Z"}"
  Releasing connection org.apache.http.impl.conn.ManagedClientConnectionImpl@6a15b73
  Connection can be kept alive indefinitely
  {"id":"89","createdAt":"2023-02-22T18:48:46.940Z"}
  Get connection for route {s}->https://reqres.in:443
  Connecting to reqres.in:443
  CookieSpec selected: ignoreCookies
  Auth cache not set in the context
  Target auth state: UNCHALLENGED
  Proxy auth state: UNCHALLENGED
  Attempt 1 to execute request
  Sending request: POST /api/users HTTP/1.1
   >> "POST /api/users HTTP/1.1[\r][\n]"
   >> "Accept: */*[\r][\n]"
   >> "Content-Type: text/plain; charset=ISO-8859-1[\r][\n]"
   >> "Content-Length: 33[\r][\n]"
   >> "Host: reqres.in[\r][\n]"
   >> "Connection: Keep-Alive[\r][\n]"
   >> "User-Agent: Apache-HttpClient/4.5.13 (Java/17.0.5)[\r][\n]"
   >> "Accept-Encoding: gzip,deflate[\r][\n]"
   >> "[\r][\n]"
  >> POST /api/users HTTP/1.1
  >> Accept: */*
  >> Content-Type: text/plain; charset=ISO-8859-1
  >> Content-Length: 33
  >> Host: reqres.in
  >> Connection: Keep-Alive
  >> User-Agent: Apache-HttpClient/4.5.13 (Java/17.0.5)
  >> Accept-Encoding: gzip,deflate
   >> "{"name":"ashwani","job":"leader"}"
   << "HTTP/1.1 201 Created[\r][\n]"
   << "Date: Wed, 22 Feb 2023 18:48:47 GMT[\r][\n]"
   << "Content-Type: application/json; charset=utf-8[\r][\n]"
   << "Content-Length: 51[\r][\n]"
   << "Connection: keep-alive[\r][\n]"
   << "X-Powered-By: Express[\r][\n]"
   << "Access-Control-Allow-Origin: *[\r][\n]"
   << "Etag: W/"33-ksP3KrY8VO+aifIQal3DA6h2jng"[\r][\n]"
   << "Via: 1.1 vegur[\r][\n]"
   << "CF-Cache-Status: DYNAMIC[\r][\n]"
   << "Report-To: {"endpoints":[{"url":"https:\/\/a.nel.cloudflare.com\/report\/v3?s=m5aIELxAc%2B5SDIhhzLQ8ukfEJQFCsHkoe11R1ojJcNSAdIbUJeTZJ69F17IfsX42Evc8MqfATERsRMm%2B0LvFw4deVctv%2F7bFSrp53Lh6gcptylF%2FaNrkMiKo1w%3D%3D"}],"group":"cf-nel","max_age":604800}[\r][\n]"
   << "NEL: {"success_fraction":0,"report_to":"cf-nel","max_age":604800}[\r][\n]"
   << "Server: cloudflare[\r][\n]"
   << "CF-RAY: 79d9e5dfb9581be8-BOM[\r][\n]"
   << "[\r][\n]"
  Receiving response: HTTP/1.1 201 Created
  << HTTP/1.1 201 Created
  << Date: Wed, 22 Feb 2023 18:48:47 GMT
  << Content-Type: application/json; charset=utf-8
  << Content-Length: 51
  << Connection: keep-alive
  << X-Powered-By: Express
  << Access-Control-Allow-Origin: *
  << Etag: W/"33-ksP3KrY8VO+aifIQal3DA6h2jng"
  << Via: 1.1 vegur
  << CF-Cache-Status: DYNAMIC
  << Report-To: {"endpoints":[{"url":"https:\/\/a.nel.cloudflare.com\/report\/v3?s=m5aIELxAc%2B5SDIhhzLQ8ukfEJQFCsHkoe11R1ojJcNSAdIbUJeTZJ69F17IfsX42Evc8MqfATERsRMm%2B0LvFw4deVctv%2F7bFSrp53Lh6gcptylF%2FaNrkMiKo1w%3D%3D"}],"group":"cf-nel","max_age":604800}
  << NEL: {"success_fraction":0,"report_to":"cf-nel","max_age":604800}
  << Server: cloudflare
  << CF-RAY: 79d9e5dfb9581be8-BOM
  Connection can be kept alive indefinitely
  Parsing response as: application/json; charset=utf-8
  Parsed data to instance of: class org.apache.http.conn.EofSensorInputStream
  ---------201---------------
  post API passed
   << "{"id":"734","createdAt":"2023-02-22T18:48:47.638Z"}"
  Releasing connection org.apache.http.impl.conn.ManagedClientConnectionImpl@4e3f2908
  Connection can be kept alive indefinitely
  {"id":"734","createdAt":"2023-02-22T18:48:47.638Z"}
  Get connection for route {s}->https://reqres.in:443
  Connecting to reqres.in:443
  CookieSpec selected: ignoreCookies
  Auth cache not set in the context
  Target auth state: UNCHALLENGED
  Proxy auth state: UNCHALLENGED
  Attempt 1 to execute request
  Sending request: POST /api/users HTTP/1.1
   >> "POST /api/users HTTP/1.1[\r][\n]"
   >> "Accept: */*[\r][\n]"
   >> "Content-Type: text/plain; charset=ISO-8859-1[\r][\n]"
   >> "Content-Length: 32[\r][\n]"
   >> "Host: reqres.in[\r][\n]"
   >> "Connection: Keep-Alive[\r][\n]"
   >> "User-Agent: Apache-HttpClient/4.5.13 (Java/17.0.5)[\r][\n]"
   >> "Accept-Encoding: gzip,deflate[\r][\n]"
   >> "[\r][\n]"
  >> POST /api/users HTTP/1.1
  >> Accept: */*
  >> Content-Type: text/plain; charset=ISO-8859-1
  >> Content-Length: 32
  >> Host: reqres.in
  >> Connection: Keep-Alive
  >> User-Agent: Apache-HttpClient/4.5.13 (Java/17.0.5)
  >> Accept-Encoding: gzip,deflate
   >> "{"name":"shweta","job":"leader"}"
   << "HTTP/1.1 201 Created[\r][\n]"
   << "Date: Wed, 22 Feb 2023 18:48:48 GMT[\r][\n]"
   << "Content-Type: application/json; charset=utf-8[\r][\n]"
   << "Content-Length: 51[\r][\n]"
   << "Connection: keep-alive[\r][\n]"
   << "X-Powered-By: Express[\r][\n]"
   << "Access-Control-Allow-Origin: *[\r][\n]"
   << "Etag: W/"33-lVA+SAcEdeuF1PE5ZD6DSzGk41I"[\r][\n]"
   << "Via: 1.1 vegur[\r][\n]"
   << "CF-Cache-Status: DYNAMIC[\r][\n]"
   << "Report-To: {"endpoints":[{"url":"https:\/\/a.nel.cloudflare.com\/report\/v3?s=KMFXmSekNv%2FqGiPDAFi1yflKwe2fWfmzEJvzsT3RGfp7j1m8hdNdJCbr8XqrLRbp9Ib2gvyY9iQK0QgH1CfGkoFvwf947NIwu1cqn6OVNvvVUl75zru8fL3hQQ%3D%3D"}],"group":"cf-nel","max_age":604800}[\r][\n]"
   << "NEL: {"success_fraction":0,"report_to":"cf-nel","max_age":604800}[\r][\n]"
   << "Server: cloudflare[\r][\n]"
   << "CF-RAY: 79d9e5e3eccdf425-BOM[\r][\n]"
   << "[\r][\n]"
  Receiving response: HTTP/1.1 201 Created
  << HTTP/1.1 201 Created
  << Date: Wed, 22 Feb 2023 18:48:48 GMT
  << Content-Type: application/json; charset=utf-8
  << Content-Length: 51
  << Connection: keep-alive
  << X-Powered-By: Express
  << Access-Control-Allow-Origin: *
  << Etag: W/"33-lVA+SAcEdeuF1PE5ZD6DSzGk41I"
  << Via: 1.1 vegur
  << CF-Cache-Status: DYNAMIC
  << Report-To: {"endpoints":[{"url":"https:\/\/a.nel.cloudflare.com\/report\/v3?s=KMFXmSekNv%2FqGiPDAFi1yflKwe2fWfmzEJvzsT3RGfp7j1m8hdNdJCbr8XqrLRbp9Ib2gvyY9iQK0QgH1CfGkoFvwf947NIwu1cqn6OVNvvVUl75zru8fL3hQQ%3D%3D"}],"group":"cf-nel","max_age":604800}
  << NEL: {"success_fraction":0,"report_to":"cf-nel","max_age":604800}
  << Server: cloudflare
  << CF-RAY: 79d9e5e3eccdf425-BOM
  Connection can be kept alive indefinitely
  Parsing response as: application/json; charset=utf-8
  Parsed data to instance of: class org.apache.http.conn.EofSensorInputStream
  ---------201---------------
  post API passed
   << "{"id":"725","createdAt":"2023-02-22T18:48:48.306Z"}"
  Releasing connection org.apache.http.impl.conn.ManagedClientConnectionImpl@46fc522d
  Connection can be kept alive indefinitely
  {"id":"725","createdAt":"2023-02-22T18:48:48.306Z"}
  Get connection for route {s}->https://reqres.in:443
  Connecting to reqres.in:443
  CookieSpec selected: ignoreCookies
  Auth cache not set in the context
  Target auth state: UNCHALLENGED
  Proxy auth state: UNCHALLENGED
  Attempt 1 to execute request
  Sending request: POST /api/users HTTP/1.1
   >> "POST /api/users HTTP/1.1[\r][\n]"
   >> "Accept: */*[\r][\n]"
   >> "Content-Type: text/plain; charset=ISO-8859-1[\r][\n]"
   >> "Content-Length: 33[\r][\n]"
   >> "Host: reqres.in[\r][\n]"
   >> "Connection: Keep-Alive[\r][\n]"
   >> "User-Agent: Apache-HttpClient/4.5.13 (Java/17.0.5)[\r][\n]"
   >> "Accept-Encoding: gzip,deflate[\r][\n]"
   >> "[\r][\n]"
  >> POST /api/users HTTP/1.1
  >> Accept: */*
  >> Content-Type: text/plain; charset=ISO-8859-1
  >> Content-Length: 33
  >> Host: reqres.in
  >> Connection: Keep-Alive
  >> User-Agent: Apache-HttpClient/4.5.13 (Java/17.0.5)
  >> Accept-Encoding: gzip,deflate
   >> "{"name":"akshita","job":"leader"}"
   << "HTTP/1.1 201 Created[\r][\n]"
   << "Date: Wed, 22 Feb 2023 18:48:48 GMT[\r][\n]"
   << "Content-Type: application/json; charset=utf-8[\r][\n]"
   << "Content-Length: 51[\r][\n]"
   << "Connection: keep-alive[\r][\n]"
   << "X-Powered-By: Express[\r][\n]"
   << "Access-Control-Allow-Origin: *[\r][\n]"
   << "Etag: W/"33-7tnGnXaLfLPmgNnZJKfbrti3hcU"[\r][\n]"
   << "Via: 1.1 vegur[\r][\n]"
   << "CF-Cache-Status: DYNAMIC[\r][\n]"
   << "Report-To: {"endpoints":[{"url":"https:\/\/a.nel.cloudflare.com\/report\/v3?s=a29YKs%2FHY6oCiW%2FvYscN8HtcOPFe6%2BL%2B4WVplsBjWGMaG%2BfygURqxHBVoAoPgtcT8VQgO8yLYE7t5MJimR2Ta1QCEZBH6GJOYEkTAkJb77RCV%2FihoxwfxMTyNw%3D%3D"}],"group":"cf-nel","max_age":604800}[\r][\n]"
   << "NEL: {"success_fraction":0,"report_to":"cf-nel","max_age":604800}[\r][\n]"
   << "Server: cloudflare[\r][\n]"
   << "CF-RAY: 79d9e5e7acec2960-BOM[\r][\n]"
   << "[\r][\n]"
  Receiving response: HTTP/1.1 201 Created
  << HTTP/1.1 201 Created
  << Date: Wed, 22 Feb 2023 18:48:48 GMT
  << Content-Type: application/json; charset=utf-8
  << Content-Length: 51
  << Connection: keep-alive
  << X-Powered-By: Express
  << Access-Control-Allow-Origin: *
  << Etag: W/"33-7tnGnXaLfLPmgNnZJKfbrti3hcU"
  << Via: 1.1 vegur
  << CF-Cache-Status: DYNAMIC
  << Report-To: {"endpoints":[{"url":"https:\/\/a.nel.cloudflare.com\/report\/v3?s=a29YKs%2FHY6oCiW%2FvYscN8HtcOPFe6%2BL%2B4WVplsBjWGMaG%2BfygURqxHBVoAoPgtcT8VQgO8yLYE7t5MJimR2Ta1QCEZBH6GJOYEkTAkJb77RCV%2FihoxwfxMTyNw%3D%3D"}],"group":"cf-nel","max_age":604800}
  << NEL: {"success_fraction":0,"report_to":"cf-nel","max_age":604800}
  << Server: cloudflare
  << CF-RAY: 79d9e5e7acec2960-BOM
  Connection can be kept alive indefinitely
  Parsing response as: application/json; charset=utf-8
  Parsed data to instance of: class org.apache.http.conn.EofSensorInputStream
  ---------201---------------
  post API passed
   << "{"id":"793","createdAt":"2023-02-22T18:48:48.897Z"}"
  Releasing connection org.apache.http.impl.conn.ManagedClientConnectionImpl@364fd4ae
  Connection can be kept alive indefinitely
  {"id":"793","createdAt":"2023-02-22T18:48:48.897Z"}
  Couldn't find template in cache for "Extent.ftl"("en_IN", UTF-8, parsed); will try to load it.
  TemplateLoader.findTemplateSource("Extent_en_IN.ftl"): Not found
  TemplateLoader.findTemplateSource("Extent_en.ftl"): Not found
  TemplateLoader.findTemplateSource("Extent.ftl"): Found
  Loading template for "Extent.ftl"("en_IN", UTF-8, parsed) from "jar:file:/Users/ashwani/.m2/repository/com/relevantcodes/extentreports/2.41.2/extentreports-2.41.2.jar!/com/relevantcodes/extentreports/view/Extent.ftl"
  